2024-08-02 19:11:07,508 [ERROR] LogOutputStream:75 - [STDERR_REDIRECT] 
2024-08-02 19:11:17,869 [INFO] Activator:176 - 


2024-08-02 19:11:17,870 [INFO] Activator:177 - !SESSION log4j initialized
2024-08-02 19:11:24,399 [INFO] LogOutputStream:77 - [STDOUT_REDIRECT] 
2024-08-02 19:11:33,739 [INFO] ApplicationProperties:184 - Using Application install path: C:\ST\STM32CubeIDE_1.15.0\STM32CubeIDE\plugins\com.st.stm32cube.common.mx_6.12.0.202406281431
2024-08-02 19:11:33,761 [INFO] DbMcusXml:78 - Set database path to: C:\ST\STM32CubeIDE_1.15.0\STM32CubeIDE\plugins\com.st.stm32cube.common.mx_6.12.0.202406281431\\db\/mcu/
2024-08-02 19:11:33,761 [INFO] ApiDb:274 - Set plugin database path to: C:\ST\STM32CubeIDE_1.15.0\STM32CubeIDE\plugins\com.st.stm32cube.common.mx_6.12.0.202406281431\\db\/plugins/boardmanager/
2024-08-02 19:11:33,762 [WARN] ApiDb:259 - Overriding images path with different value:  => C:\ST\STM32CubeIDE_1.15.0\STM32CubeIDE\plugins\com.st.stm32cube.common.mx_6.12.0.202406281431\\db\/plugins/mcufinder/images/
2024-08-02 19:11:33,771 [INFO] ApiDb:250 - Set database path to: C:\Users\bnarb\.stmcufinder\plugins\mcufinder//mcu/
2024-08-02 19:11:33,772 [INFO] DbMcusAds:125 - Set database path to: C:\Users\bnarb\.stmcufinder\plugins\mcufinder//mcu/
2024-08-02 19:11:33,775 [INFO] CrossReferenceDbSqlite:203 - Set database path to: C:\Users\bnarb\.stmcufinder\plugins\mcufinder//mcu/cs/
2024-08-02 19:11:33,976 [INFO] RulesReader:64 - Compatibility file has been processed (297 Rules)
2024-08-02 19:11:34,055 [INFO] DbMcusXml:78 - Set database path to: C:\ST\STM32CubeIDE_1.15.0\STM32CubeIDE\plugins\com.st.stm32cube.common.mx_6.12.0.202406281431\\db\/mcu/
2024-08-02 19:11:34,056 [INFO] ApiDb:274 - Set plugin database path to: C:\ST\STM32CubeIDE_1.15.0\STM32CubeIDE\plugins\com.st.stm32cube.common.mx_6.12.0.202406281431\\db\/plugins/boardmanager/
2024-08-02 19:11:34,056 [INFO] ApiDb:261 - Set plugin images path to: C:\ST\STM32CubeIDE_1.15.0\STM32CubeIDE\plugins\com.st.stm32cube.common.mx_6.12.0.202406281431\\db\/plugins/mcufinder/images/
2024-08-02 19:11:34,056 [WARN] DbFile:41 - Overriding database path with different value: C:\Users\bnarb\.stmcufinder\plugins\mcufinder/ => C:\Users\bnarb\.stmcufinder\plugins\mcufinder
2024-08-02 19:11:34,056 [INFO] ApiDb:250 - Set database path to: C:\Users\bnarb\.stmcufinder\plugins\mcufinder//mcu/
2024-08-02 19:11:34,056 [WARN] DbFile:41 - Overriding database path with different value: C:\Users\bnarb\.stmcufinder\plugins\mcufinder/ => C:\Users\bnarb\.stmcufinder\plugins\mcufinder
2024-08-02 19:11:34,056 [INFO] DbMcusAds:125 - Set database path to: C:\Users\bnarb\.stmcufinder\plugins\mcufinder//mcu/
2024-08-02 19:11:34,056 [WARN] DbFile:41 - Overriding database path with different value: C:\Users\bnarb\.stmcufinder\plugins\mcufinder/ => C:\Users\bnarb\.stmcufinder\plugins\mcufinder
2024-08-02 19:11:34,056 [WARN] DbFile:41 - Overriding database path with different value: C:\Users\bnarb\.stmcufinder\plugins\mcufinder/ => C:\Users\bnarb\.stmcufinder\plugins\mcufinder
2024-08-02 19:11:34,056 [INFO] CrossReferenceDbSqlite:203 - Set database path to: C:\Users\bnarb\.stmcufinder\plugins\mcufinder//mcu/cs/
2024-08-02 19:11:34,132 [INFO] MainPanel:268 - HeapMemory: 448790528
2024-08-02 19:11:34,209 [INFO] DbMcusXml:78 - Set database path to: C:\ST\STM32CubeIDE_1.15.0\STM32CubeIDE\plugins\com.st.stm32cube.common.mx_6.12.0.202406281431\\db\/mcu/
2024-08-02 19:11:34,210 [INFO] ApiDb:274 - Set plugin database path to: C:\ST\STM32CubeIDE_1.15.0\STM32CubeIDE\plugins\com.st.stm32cube.common.mx_6.12.0.202406281431\\db\/plugins/boardmanager/
2024-08-02 19:11:34,210 [INFO] ApiDb:261 - Set plugin images path to: C:\ST\STM32CubeIDE_1.15.0\STM32CubeIDE\plugins\com.st.stm32cube.common.mx_6.12.0.202406281431\\db\/plugins/mcufinder/images/
2024-08-02 19:11:34,210 [WARN] DbFile:41 - Overriding database path with different value: C:\Users\bnarb\.stmcufinder\plugins\mcufinder/ => C:\Users\bnarb\.stmcufinder\plugins\mcufinder
2024-08-02 19:11:34,211 [INFO] ApiDb:250 - Set database path to: C:\Users\bnarb\.stmcufinder\plugins\mcufinder//mcu/
2024-08-02 19:11:34,211 [WARN] DbFile:41 - Overriding database path with different value: C:\Users\bnarb\.stmcufinder\plugins\mcufinder/ => C:\Users\bnarb\.stmcufinder\plugins\mcufinder
2024-08-02 19:11:34,211 [INFO] DbMcusAds:125 - Set database path to: C:\Users\bnarb\.stmcufinder\plugins\mcufinder//mcu/
2024-08-02 19:11:34,211 [WARN] DbFile:41 - Overriding database path with different value: C:\Users\bnarb\.stmcufinder\plugins\mcufinder/ => C:\Users\bnarb\.stmcufinder\plugins\mcufinder
2024-08-02 19:11:34,211 [WARN] DbFile:41 - Overriding database path with different value: C:\Users\bnarb\.stmcufinder\plugins\mcufinder/ => C:\Users\bnarb\.stmcufinder\plugins\mcufinder
2024-08-02 19:11:34,211 [INFO] CrossReferenceDbSqlite:203 - Set database path to: C:\Users\bnarb\.stmcufinder\plugins\mcufinder//mcu/cs/
2024-08-02 19:11:34,241 [INFO] ApplicationProperties:184 - Using Application install path: C:\ST\STM32CubeIDE_1.15.0\STM32CubeIDE\plugins\com.st.stm32cube.common.mx_6.12.0.202406281431
2024-08-02 19:11:34,243 [INFO] PluginManage:196 - Search for loadable plugins [exclusion list=, ]
2024-08-02 19:11:34,244 [INFO] PluginManage:310 - Check plugin analytics
2024-08-02 19:11:34,506 [INFO] AnalyticsPlugin:253 - Accepted Software Licenses: 
2024-08-02 19:11:34,506 [INFO] AnalyticsPlugin:255 - Accepted CMSIS Pack Licenses: 
2024-08-02 19:11:34,506 [INFO] AnalyticsPlugin:257 - Accepted Firmware Licenses: FW.F4.1.28.0
2024-08-02 19:11:34,509 [INFO] PluginManage:359 - Loaded plugin analytics (category:tool,tabindex:-1)
2024-08-02 19:11:34,510 [INFO] PluginManage:310 - Check plugin cadmodel
2024-08-02 19:11:34,517 [INFO] CADModel:105 - Init CAD model plugin
2024-08-02 19:11:34,518 [INFO] PluginManage:359 - Loaded plugin cadmodel (category:power,tabindex:5)
2024-08-02 19:11:34,518 [INFO] PluginManage:310 - Check plugin clock
2024-08-02 19:11:34,538 [INFO] PluginManage:359 - Loaded plugin clock (category:base,tabindex:2)
2024-08-02 19:11:34,538 [INFO] PluginManage:310 - Check plugin ddr
2024-08-02 19:11:34,541 [INFO] PluginManage:359 - Loaded plugin ddr (category:tool,tabindex:6)
2024-08-02 19:11:34,541 [INFO] PluginManage:310 - Check plugin filemanager
2024-08-02 19:11:34,688 [INFO] PluginManage:359 - Loaded plugin filemanager (category:base,tabindex:10)
2024-08-02 19:11:34,688 [INFO] PluginManage:310 - Check plugin ipmanager
2024-08-02 19:11:34,697 [INFO] PluginManage:359 - Loaded plugin ipmanager (category:base,tabindex:5)
2024-08-02 19:11:34,697 [INFO] PluginManage:310 - Check plugin lpbam
2024-08-02 19:11:34,706 [INFO] PluginManage:359 - Loaded plugin lpbam (category:base,tabindex:0)
2024-08-02 19:11:34,707 [INFO] PluginManage:310 - Check plugin memorymap
2024-08-02 19:11:34,720 [INFO] PluginManage:359 - Loaded plugin memorymap (category:base,tabindex:4)
2024-08-02 19:11:34,720 [INFO] PluginManage:310 - Check plugin pinoutandconfiguration
2024-08-02 19:11:34,737 [INFO] PluginManage:359 - Loaded plugin pinoutandconfiguration (category:base,tabindex:1)
2024-08-02 19:11:34,737 [INFO] PluginManage:310 - Check plugin pinoutconfig
2024-08-02 19:11:34,833 [WARN] SupportedApi:132 - Cannot load RTOS API schema: s4s-elt-must-match.1: The content of 'definitions' must match (annotation?, (simpleType | complexType)?, (unique | key | keyref)*)). A problem was found starting at: attribute.
2024-08-02 19:11:34,997 [INFO] PluginManage:359 - Loaded plugin pinoutconfig (category:base,tabindex:0)
2024-08-02 19:11:34,997 [INFO] PluginManage:310 - Check plugin power
2024-08-02 19:11:35,006 [INFO] PluginManage:359 - Loaded plugin power (category:power,tabindex:4)
2024-08-02 19:11:35,006 [INFO] PluginManage:310 - Check plugin projectmanager
2024-08-02 19:11:35,048 [INFO] PluginManage:359 - Loaded plugin projectmanager (category:projectmanager,tabindex:4)
2024-08-02 19:11:35,048 [INFO] PluginManage:310 - Check plugin rif
2024-08-02 19:11:35,055 [INFO] PluginManage:359 - Loaded plugin rif (category:base,tabindex:3)
2024-08-02 19:11:35,055 [INFO] PluginManage:310 - Check plugin thirdparty
2024-08-02 19:11:35,240 [INFO] PluginManage:359 - Loaded plugin thirdparty (category:base,tabindex:-1)
2024-08-02 19:11:35,240 [WARN] IntegrityCheckThread:84 - waiting for thirdparty lock release [integrity check]
2024-08-02 19:11:35,241 [INFO] PluginManage:310 - Check plugin tools
2024-08-02 19:11:35,241 [INFO] IntegrityCheckThread:86 - entering critical section [integrity check]
2024-08-02 19:11:35,242 [INFO] ThirdPartyUpdaterWithRetryManager:70 - Updater plugin not ready yet. [1/15]
2024-08-02 19:11:35,244 [INFO] PluginManage:359 - Loaded plugin tools (category:base,tabindex:7)
2024-08-02 19:11:35,245 [INFO] PluginManage:310 - Check plugin tutovideos
2024-08-02 19:11:35,473 [INFO] PluginManage:359 - Loaded plugin tutovideos (category:base,tabindex:-1)
2024-08-02 19:11:35,473 [INFO] PluginManage:310 - Check plugin updater
2024-08-02 19:11:35,493 [INFO] PluginManage:359 - Loaded plugin updater (category:base,tabindex:12)
2024-08-02 19:11:35,493 [INFO] PluginManage:310 - Check plugin userauth
2024-08-02 19:11:35,499 [INFO] UserAuth:113 - Init User Auth plugin
2024-08-02 19:11:35,499 [INFO] PluginManage:359 - Loaded plugin userauth (category:base,tabindex:14)
2024-08-02 19:11:35,499 [INFO] PluginManage:283 - PluginManage : Loaded plugins [18]
2024-08-02 19:11:35,742 [INFO] PinOutPanel:1561 - setPackage(No Configuration,No Configuration)
2024-08-02 19:11:35,847 [INFO] CADModel:165 - CPN selected for project level
2024-08-02 19:11:35,847 [INFO] CADModel:114 - Register for checkConnection events
2024-08-02 19:11:35,879 [INFO] IPUIPlugin:80 - create IPUIPlugin
2024-08-02 19:11:35,879 [INFO] PluginManager:220 - loadIPPluginJar : add adc
2024-08-02 19:11:35,882 [INFO] IPUIPlugin:80 - create IPUIPlugin
2024-08-02 19:11:35,882 [INFO] PluginManager:220 - loadIPPluginJar : add aes
2024-08-02 19:11:35,885 [INFO] IPUIPlugin:80 - create IPUIPlugin
2024-08-02 19:11:35,885 [INFO] PluginManager:220 - loadIPPluginJar : add can
2024-08-02 19:11:35,888 [INFO] IPUIPlugin:80 - create IPUIPlugin
2024-08-02 19:11:35,888 [INFO] PluginManager:220 - loadIPPluginJar : add comp
2024-08-02 19:11:35,891 [INFO] IPUIPlugin:80 - create IPUIPlugin
2024-08-02 19:11:35,891 [INFO] PluginManager:220 - loadIPPluginJar : add cryp
2024-08-02 19:11:35,895 [INFO] IPUIPlugin:80 - create IPUIPlugin
2024-08-02 19:11:35,895 [INFO] PluginManager:220 - loadIPPluginJar : add ddr_ctrl_phy
2024-08-02 19:11:35,898 [INFO] IPUIPlugin:80 - create IPUIPlugin
2024-08-02 19:11:35,898 [INFO] PluginManager:220 - loadIPPluginJar : add dfsdm
2024-08-02 19:11:35,903 [INFO] IPUIPlugin:80 - create IPUIPlugin
2024-08-02 19:11:35,903 [INFO] PluginManager:220 - loadIPPluginJar : add dma
2024-08-02 19:11:35,905 [INFO] IPUIPlugin:80 - create IPUIPlugin
2024-08-02 19:11:35,906 [INFO] PluginManager:220 - loadIPPluginJar : add dma3
2024-08-02 19:11:35,908 [INFO] IPUIPlugin:80 - create IPUIPlugin
2024-08-02 19:11:35,908 [INFO] PluginManager:220 - loadIPPluginJar : add extmemmanager
2024-08-02 19:11:35,909 [INFO] IPUIPlugin:80 - create IPUIPlugin
2024-08-02 19:11:35,910 [INFO] PluginManager:220 - loadIPPluginJar : add fatfs
2024-08-02 19:11:35,914 [INFO] IPUIPlugin:80 - create IPUIPlugin
2024-08-02 19:11:35,914 [INFO] PluginManager:220 - loadIPPluginJar : add fmc
2024-08-02 19:11:35,919 [INFO] IPUIPlugin:80 - create IPUIPlugin
2024-08-02 19:11:35,919 [INFO] PluginManager:220 - loadIPPluginJar : add freertos
2024-08-02 19:11:35,921 [INFO] IPUIPlugin:80 - create IPUIPlugin
2024-08-02 19:11:35,921 [INFO] PluginManager:220 - loadIPPluginJar : add genericplugin
2024-08-02 19:11:35,923 [INFO] IPUIPlugin:80 - create IPUIPlugin
2024-08-02 19:11:35,923 [INFO] PluginManager:220 - loadIPPluginJar : add gfxmmu
2024-08-02 19:11:35,928 [INFO] IPUIPlugin:80 - create IPUIPlugin
2024-08-02 19:11:35,928 [INFO] PluginManager:220 - loadIPPluginJar : add gic
2024-08-02 19:11:35,932 [INFO] IPUIPlugin:80 - create IPUIPlugin
2024-08-02 19:11:35,932 [INFO] PluginManager:220 - loadIPPluginJar : add gpio
2024-08-02 19:11:35,935 [INFO] IPUIPlugin:80 - create IPUIPlugin
2024-08-02 19:11:35,935 [INFO] PluginManager:220 - loadIPPluginJar : add gtzc
2024-08-02 19:11:35,938 [INFO] IPUIPlugin:80 - create IPUIPlugin
2024-08-02 19:11:35,938 [INFO] PluginManager:220 - loadIPPluginJar : add hash
2024-08-02 19:11:35,941 [INFO] IPUIPlugin:80 - create IPUIPlugin
2024-08-02 19:11:35,941 [INFO] PluginManager:220 - loadIPPluginJar : add i2c
2024-08-02 19:11:35,945 [INFO] IPUIPlugin:80 - create IPUIPlugin
2024-08-02 19:11:35,946 [INFO] PluginManager:220 - loadIPPluginJar : add i2s
2024-08-02 19:11:35,949 [INFO] IPUIPlugin:80 - create IPUIPlugin
2024-08-02 19:11:35,949 [INFO] PluginManager:220 - loadIPPluginJar : add i3c
2024-08-02 19:11:35,953 [INFO] IPUIPlugin:80 - create IPUIPlugin
2024-08-02 19:11:35,953 [INFO] PluginManager:220 - loadIPPluginJar : add ipddr
2024-08-02 19:11:35,960 [INFO] IPUIPlugin:80 - create IPUIPlugin
2024-08-02 19:11:35,960 [INFO] PluginManager:220 - loadIPPluginJar : add linkedlist
2024-08-02 19:11:35,965 [INFO] IPUIPlugin:80 - create IPUIPlugin
2024-08-02 19:11:35,965 [INFO] PluginManager:220 - loadIPPluginJar : add lorawan
2024-08-02 19:11:35,967 [INFO] IPUIPlugin:80 - create IPUIPlugin
2024-08-02 19:11:35,967 [INFO] PluginManager:220 - loadIPPluginJar : add ltdc
2024-08-02 19:11:35,972 [INFO] IPUIPlugin:80 - create IPUIPlugin
2024-08-02 19:11:35,972 [INFO] PluginManager:220 - loadIPPluginJar : add mdma
2024-08-02 19:11:35,976 [INFO] IPUIPlugin:80 - create IPUIPlugin
2024-08-02 19:11:35,976 [INFO] PluginManager:220 - loadIPPluginJar : add nvic
2024-08-02 19:11:35,980 [INFO] IPUIPlugin:80 - create IPUIPlugin
2024-08-02 19:11:35,980 [INFO] PluginManager:220 - loadIPPluginJar : add opamp
2024-08-02 19:11:35,984 [INFO] IPUIPlugin:80 - create IPUIPlugin
2024-08-02 19:11:35,984 [INFO] PluginManager:220 - loadIPPluginJar : add openamp
2024-08-02 19:11:35,988 [INFO] IPUIPlugin:80 - create IPUIPlugin
2024-08-02 19:11:35,988 [INFO] PluginManager:220 - loadIPPluginJar : add pdm2pcm
2024-08-02 19:11:35,997 [INFO] IPUIPlugin:80 - create IPUIPlugin
2024-08-02 19:11:36,000 [INFO] PluginManager:220 - loadIPPluginJar : add plateformsettings
2024-08-02 19:11:36,003 [INFO] IPUIPlugin:80 - create IPUIPlugin
2024-08-02 19:11:36,003 [INFO] PluginManager:220 - loadIPPluginJar : add quadspi
2024-08-02 19:11:36,006 [INFO] IPUIPlugin:80 - create IPUIPlugin
2024-08-02 19:11:36,007 [INFO] PluginManager:220 - loadIPPluginJar : add radio
2024-08-02 19:11:36,011 [INFO] IPUIPlugin:80 - create IPUIPlugin
2024-08-02 19:11:36,011 [INFO] PluginManager:220 - loadIPPluginJar : add resmgrutility
2024-08-02 19:11:36,014 [INFO] IPUIPlugin:80 - create IPUIPlugin
2024-08-02 19:11:36,014 [INFO] PluginManager:220 - loadIPPluginJar : add sai
2024-08-02 19:11:36,018 [INFO] IPUIPlugin:80 - create IPUIPlugin
2024-08-02 19:11:36,018 [INFO] PluginManager:220 - loadIPPluginJar : add spi
2024-08-02 19:11:36,024 [INFO] IPUIPlugin:80 - create IPUIPlugin
2024-08-02 19:11:36,024 [INFO] PluginManager:220 - loadIPPluginJar : add stm32_wpan
2024-08-02 19:11:36,026 [INFO] IPUIPlugin:80 - create IPUIPlugin
2024-08-02 19:11:36,026 [INFO] PluginManager:220 - loadIPPluginJar : add tim
2024-08-02 19:11:36,030 [INFO] IPUIPlugin:80 - create IPUIPlugin
2024-08-02 19:11:36,030 [INFO] PluginManager:220 - loadIPPluginJar : add touchsensing
2024-08-02 19:11:36,032 [INFO] IPUIPlugin:80 - create IPUIPlugin
2024-08-02 19:11:36,032 [INFO] PluginManager:220 - loadIPPluginJar : add tracer_emb
2024-08-02 19:11:36,034 [INFO] IPUIPlugin:80 - create IPUIPlugin
2024-08-02 19:11:36,034 [INFO] PluginManager:220 - loadIPPluginJar : add ts
2024-08-02 19:11:36,036 [INFO] IPUIPlugin:80 - create IPUIPlugin
2024-08-02 19:11:36,036 [INFO] PluginManager:220 - loadIPPluginJar : add tsc
2024-08-02 19:11:36,038 [INFO] IPUIPlugin:80 - create IPUIPlugin
2024-08-02 19:11:36,038 [INFO] PluginManager:220 - loadIPPluginJar : add ucpd
2024-08-02 19:11:36,041 [INFO] IPUIPlugin:80 - create IPUIPlugin
2024-08-02 19:11:36,041 [INFO] PluginManager:220 - loadIPPluginJar : add usart
2024-08-02 19:11:36,044 [INFO] IPUIPlugin:80 - create IPUIPlugin
2024-08-02 19:11:36,044 [INFO] PluginManager:220 - loadIPPluginJar : add usbx
2024-08-02 19:11:36,195 [INFO] CADModel:165 - CPN selected for project level
2024-08-02 19:11:36,195 [INFO] CADModel:114 - Register for checkConnection events
2024-08-02 19:11:36,195 [FATAL] Updater:334 - Updater called before beeing initialized
2024-08-02 19:11:36,195 [ERROR] CADModel:125 - Updater not yet initialized, retry later 
2024-08-02 19:11:36,342 [INFO] CADModel:165 - CPN selected for project level
2024-08-02 19:11:36,342 [INFO] CADModel:114 - Register for checkConnection events
2024-08-02 19:11:36,342 [FATAL] Updater:334 - Updater called before beeing initialized
2024-08-02 19:11:36,342 [ERROR] CADModel:125 - Updater not yet initialized, retry later 
2024-08-02 19:11:36,346 [FATAL] Updater:334 - Updater called before beeing initialized
2024-08-02 19:11:36,476 [FATAL] Updater:334 - Updater called before beeing initialized
2024-08-02 19:11:36,487 [INFO] DbMcusAds:53 - JSON generation date=Thu May 16 14:22:00 QYZT 2024 (1715851320667)
2024-08-02 19:11:36,487 [FATAL] Updater:334 - Updater called before beeing initialized
2024-08-02 19:11:36,523 [WARN] DetailPanel:346 - Failed to get advertising image, set to default
2024-08-02 19:11:36,629 [FATAL] Updater:334 - Updater called before beeing initialized
2024-08-02 19:11:36,630 [FATAL] Updater:334 - Updater called before beeing initialized
2024-08-02 19:11:36,631 [FATAL] Updater:334 - Updater called before beeing initialized
2024-08-02 19:11:36,631 [WARN] DetailPanel:346 - Failed to get advertising image, set to default
2024-08-02 19:11:36,632 [FATAL] Updater:334 - Updater called before beeing initialized
2024-08-02 19:11:36,680 [ERROR] Updater:1164 - MainUpdater not yet initialized. External WinMGr cannot be set.
2024-08-02 19:11:36,682 [INFO] Updater:1100 - Updater Version found : 6.12.0
2024-08-02 19:11:36,695 [INFO] ApplicationProperties:184 - Using Application install path: C:\ST\STM32CubeIDE_1.15.0\STM32CubeIDE\plugins\com.st.stm32cube.common.mx_6.12.0.202406281431
2024-08-02 19:11:38,244 [INFO] ThirdPartyUpdaterWithRetryManager:70 - Updater plugin not ready yet. [2/15]
2024-08-02 19:11:38,280 [ERROR] LogOutputStream:75 - [STDERR_REDIRECT] Aug 02, 2024 7:11:38 PM java.util.prefs.WindowsPreferences <init>
2024-08-02 19:11:38,283 [ERROR] LogOutputStream:75 - [STDERR_REDIRECT] WARNING: Could not open/create prefs root node Software\JavaSoft\Prefs at root 0xffffffff80000002. Windows RegCreateKeyEx(...) returned error code 5.
2024-08-02 19:11:38,283 [ERROR] LogOutputStream:75 - [STDERR_REDIRECT] 
2024-08-02 19:11:38,350 [INFO] MainUpdater:526 - Copy updater definitions from MX database
2024-08-02 19:11:38,730 [INFO] MainUpdater:2873 - connection check result : 10
2024-08-02 19:11:38,730 [INFO] MainUpdater:3567 - Updater definition file requires update
2024-08-02 19:11:38,732 [INFO] MainUpdater:290 - Updater Check For Update Now.
2024-08-02 19:11:38,732 [INFO] MicroXplorer:498 - Change Database Version : DB.6.0.120
2024-08-02 19:11:38,739 [INFO] McuFinderGlobals:63 - Set McuFinder mode to 2 (CubeIDE integrated)
2024-08-02 19:11:38,745 [INFO] UserAuth:417 - Internet connection configuration mode: 1
2024-08-02 19:11:38,762 [INFO] JxBrowserEngine:152 - Initiate JxBrowser Engine with user profile folder
2024-08-02 19:11:38,876 [INFO] ServerAccessManage:473 - Download File updaters.zip
2024-08-02 19:11:39,076 [INFO] FileExtend:240 - Unzip File : updaters.zip
2024-08-02 19:11:39,076 [INFO] FileExtend:255 - Standard Zip Deflate
2024-08-02 19:11:40,285 [INFO] ServerAccessManage:473 - Download File PacksControlFlags.xml
2024-08-02 19:11:40,612 [INFO] ServerAccessManage:473 - Download File cubemx.pidx
2024-08-02 19:11:40,756 [INFO] LoadServerUpdatesThread:375 - End of LoadServerUpdate Thread
2024-08-02 19:11:41,117 [INFO] CheckServerUpdateThread:120 - End of CheckServer Thread
2024-08-02 19:11:41,556 [WARN] PackLoader:240 - Cannot read IP mode file for STMicroelectronics.X-CUBE-SMBUS.2.1.0
2024-08-02 19:11:41,579 [WARN] PackLoader:240 - Cannot read IP mode file for STMicroelectronics.X-CUBE-TOUCHGFX.4.23.2
2024-08-02 19:11:41,683 [WARN] PackLoader:240 - Cannot read IP mode file for STMicroelectronics.X-CUBE-AZRTOS-F7.1.1.0
2024-08-02 19:11:41,723 [WARN] PackLoader:240 - Cannot read IP mode file for STMicroelectronics.FP-SNS-FLIGHT1.5.0.2
2024-08-02 19:11:41,753 [WARN] PackLoader:240 - Cannot read IP mode file for STMicroelectronics.X-CUBE-DISPLAY.3.0.0
2024-08-02 19:11:41,787 [WARN] PackLoader:240 - Cannot read IP mode file for STMicroelectronics.X-CUBE-BLE1.7.0.0
2024-08-02 19:11:41,820 [WARN] PackLoader:240 - Cannot read IP mode file for STMicroelectronics.X-CUBE-BLEMGR.3.1.0
2024-08-02 19:11:41,843 [WARN] PackLoader:240 - Cannot read IP mode file for STMicroelectronics.FP-SNS-SMARTAG2.1.2.0
2024-08-02 19:11:41,875 [INFO] LogOutputStream:77 - [STDOUT_REDIRECT] 1 : Invalid condition id : UX_CORESTACK_Condition cause : null
2024-08-02 19:11:41,875 [INFO] LogOutputStream:77 - [STDOUT_REDIRECT] 1 : Invalid condition id : UX_CORESTACK_Condition cause : null
2024-08-02 19:11:41,877 [INFO] LogOutputStream:77 - [STDOUT_REDIRECT] 1 : Invalid condition id : UX_CORESTACK_Condition cause : null
2024-08-02 19:11:41,879 [INFO] LogOutputStream:77 - [STDOUT_REDIRECT] 1 : Invalid condition id : UX_CORESTACK_Condition cause : null
2024-08-02 19:11:41,881 [INFO] LogOutputStream:77 - [STDOUT_REDIRECT] 1 : Invalid condition id : UX_CORESTACK_Condition cause : null
2024-08-02 19:11:41,887 [WARN] PackLoader:240 - Cannot read IP mode file for STMicroelectronics.X-CUBE-AZRTOS-WL.2.0.0
2024-08-02 19:11:41,909 [WARN] PackLoader:240 - Cannot read IP mode file for wolfSSL.I-CUBE-wolfMQTT.1.19.0
2024-08-02 19:11:41,933 [WARN] PackLoader:240 - Cannot read IP mode file for WES.I-CUBE-Cesium.1.3.0
2024-08-02 19:11:41,952 [WARN] PackLoader:240 - Cannot read IP mode file for STMicroelectronics.X-CUBE-BLE2.3.3.0
2024-08-02 19:11:41,972 [WARN] PackLoader:240 - Cannot read IP mode file for STMicroelectronics.X-CUBE-ALGOBUILD.1.3.0
2024-08-02 19:11:42,015 [WARN] PackLoader:240 - Cannot read IP mode file for STMicroelectronics.X-CUBE-AZRTOS-G0.1.1.0
2024-08-02 19:11:42,040 [WARN] PackLoader:240 - Cannot read IP mode file for STMicroelectronics.X-CUBE-NFC4.3.0.0
2024-08-02 19:11:42,070 [WARN] PackLoader:240 - Cannot read IP mode file for EmbeddedOffice.I-CUBE-FS-RTOS.1.0.1
2024-08-02 19:11:42,070 [ERROR] ConditionMgr:805 - Attr not supported : Dmpu
2024-08-02 19:11:42,070 [ERROR] ConditionMgr:805 - Attr not supported : Dmpu
2024-08-02 19:11:42,070 [ERROR] ConditionMgr:805 - Attr not supported : Dmpu
2024-08-02 19:11:42,071 [ERROR] ConditionMgr:805 - Attr not supported : Dmpu
2024-08-02 19:11:42,071 [ERROR] ConditionMgr:805 - Attr not supported : Dmpu
2024-08-02 19:11:42,071 [ERROR] ConditionMgr:805 - Attr not supported : Dmpu
2024-08-02 19:11:42,071 [ERROR] ConditionMgr:805 - Attr not supported : Dmpu
2024-08-02 19:11:42,071 [ERROR] ConditionMgr:805 - Attr not supported : Dmpu
2024-08-02 19:11:42,071 [ERROR] ConditionMgr:805 - Attr not supported : Dmpu
2024-08-02 19:11:42,071 [ERROR] ConditionMgr:805 - Attr not supported : Dmpu
2024-08-02 19:11:42,071 [ERROR] ConditionMgr:805 - Attr not supported : Dmpu
2024-08-02 19:11:42,071 [ERROR] ConditionMgr:805 - Attr not supported : Dmpu
2024-08-02 19:11:42,071 [ERROR] ConditionMgr:805 - Attr not supported : Dmpu
2024-08-02 19:11:42,072 [ERROR] ConditionMgr:805 - Attr not supported : Dmpu
2024-08-02 19:11:42,072 [ERROR] ConditionMgr:805 - Attr not supported : Dmpu
2024-08-02 19:11:42,072 [ERROR] ConditionMgr:805 - Attr not supported : Dmpu
2024-08-02 19:11:42,072 [ERROR] ConditionMgr:805 - Attr not supported : Dmpu
2024-08-02 19:11:42,072 [ERROR] ConditionMgr:805 - Attr not supported : Dmpu
2024-08-02 19:11:42,072 [ERROR] ConditionMgr:805 - Attr not supported : Dmpu
2024-08-02 19:11:42,072 [ERROR] ConditionMgr:805 - Attr not supported : Dmpu
2024-08-02 19:11:42,072 [ERROR] ConditionMgr:805 - Attr not supported : Dmpu
2024-08-02 19:11:42,072 [ERROR] ConditionMgr:805 - Attr not supported : Dmpu
2024-08-02 19:11:42,072 [ERROR] ConditionMgr:805 - Attr not supported : Dmpu
2024-08-02 19:11:42,073 [ERROR] ConditionMgr:805 - Attr not supported : Dmpu
2024-08-02 19:11:42,073 [ERROR] ConditionMgr:805 - Attr not supported : Dmpu
2024-08-02 19:11:42,073 [ERROR] ConditionMgr:805 - Attr not supported : Dmpu
2024-08-02 19:11:42,073 [ERROR] ConditionMgr:805 - Attr not supported : Dmpu
2024-08-02 19:11:42,073 [ERROR] ConditionMgr:805 - Attr not supported : Dmpu
2024-08-02 19:11:42,073 [ERROR] ConditionMgr:805 - Attr not supported : Dmpu
2024-08-02 19:11:42,073 [ERROR] ConditionMgr:805 - Attr not supported : Dmpu
2024-08-02 19:11:42,073 [ERROR] ConditionMgr:805 - Attr not supported : Dmpu
2024-08-02 19:11:42,073 [ERROR] ConditionMgr:805 - Attr not supported : Dmpu
2024-08-02 19:11:42,073 [ERROR] ConditionMgr:805 - Attr not supported : Dmpu
2024-08-02 19:11:42,074 [ERROR] ConditionMgr:805 - Attr not supported : Dmpu
2024-08-02 19:11:42,074 [ERROR] ConditionMgr:805 - Attr not supported : Dmpu
2024-08-02 19:11:42,074 [ERROR] ConditionMgr:805 - Attr not supported : Dmpu
2024-08-02 19:11:42,074 [ERROR] ConditionMgr:805 - Attr not supported : Dmpu
2024-08-02 19:11:42,074 [ERROR] ConditionMgr:805 - Attr not supported : Dmpu
2024-08-02 19:11:42,074 [ERROR] ConditionMgr:805 - Attr not supported : Dmpu
2024-08-02 19:11:42,074 [ERROR] ConditionMgr:805 - Attr not supported : Dmpu
2024-08-02 19:11:42,074 [ERROR] ConditionMgr:805 - Attr not supported : Dmpu
2024-08-02 19:11:42,075 [ERROR] ConditionMgr:805 - Attr not supported : Dmpu
2024-08-02 19:11:42,075 [ERROR] ConditionMgr:805 - Attr not supported : Dmpu
2024-08-02 19:11:42,075 [ERROR] ConditionMgr:805 - Attr not supported : Dmpu
2024-08-02 19:11:42,075 [ERROR] ConditionMgr:805 - Attr not supported : Dmpu
2024-08-02 19:11:42,076 [ERROR] ConditionMgr:805 - Attr not supported : Dmpu
2024-08-02 19:11:42,076 [ERROR] ConditionMgr:805 - Attr not supported : Dmpu
2024-08-02 19:11:42,077 [ERROR] ConditionMgr:805 - Attr not supported : Dmpu
2024-08-02 19:11:42,077 [ERROR] ConditionMgr:805 - Attr not supported : Dmpu
2024-08-02 19:11:42,077 [ERROR] ConditionMgr:805 - Attr not supported : Dmpu
2024-08-02 19:11:42,077 [ERROR] ConditionMgr:805 - Attr not supported : Dmpu
2024-08-02 19:11:42,077 [ERROR] ConditionMgr:805 - Attr not supported : Dmpu
2024-08-02 19:11:42,078 [ERROR] ConditionMgr:805 - Attr not supported : Dmpu
2024-08-02 19:11:42,078 [ERROR] ConditionMgr:805 - Attr not supported : Dmpu
2024-08-02 19:11:42,078 [ERROR] ConditionMgr:805 - Attr not supported : Dmpu
2024-08-02 19:11:42,078 [ERROR] ConditionMgr:805 - Attr not supported : Dmpu
2024-08-02 19:11:42,078 [ERROR] ConditionMgr:805 - Attr not supported : Dmpu
2024-08-02 19:11:42,078 [ERROR] ConditionMgr:805 - Attr not supported : Dmpu
2024-08-02 19:11:42,078 [ERROR] ConditionMgr:805 - Attr not supported : Dmpu
2024-08-02 19:11:42,078 [ERROR] ConditionMgr:805 - Attr not supported : Dmpu
2024-08-02 19:11:42,078 [ERROR] ConditionMgr:805 - Attr not supported : Dmpu
2024-08-02 19:11:42,078 [ERROR] ConditionMgr:805 - Attr not supported : Dmpu
2024-08-02 19:11:42,079 [ERROR] ConditionMgr:805 - Attr not supported : Dmpu
2024-08-02 19:11:42,079 [ERROR] ConditionMgr:805 - Attr not supported : Dmpu
2024-08-02 19:11:42,103 [WARN] PackLoader:240 - Cannot read IP mode file for RealThread.X-CUBE-RT-Thread_Nano.4.1.1
2024-08-02 19:11:42,121 [WARN] PackLoader:240 - Cannot read IP mode file for STMicroelectronics.FP-ATR-SIGFOX1.3.2.0
2024-08-02 19:11:42,144 [WARN] PackLoader:240 - Cannot read IP mode file for STMicroelectronics.X-CUBE-EEPRMA1.5.1.0
2024-08-02 19:11:42,228 [WARN] PackLoader:240 - Cannot read IP mode file for SEGGER.I-CUBE-embOS.1.3.1
2024-08-02 19:11:42,354 [WARN] PackLoader:240 - Cannot read IP mode file for STMicroelectronics.X-CUBE-ALGOBUILD.1.4.0
2024-08-02 19:11:42,390 [WARN] PackLoader:240 - Cannot read IP mode file for STMicroelectronics.X-CUBE-GNSS1.6.0.0
2024-08-02 19:11:42,446 [WARN] PackLoader:240 - Cannot read IP mode file for STMicroelectronics.X-CUBE-AZRTOS-F4.1.1.0
2024-08-02 19:11:42,497 [WARN] PackLoader:240 - Cannot read IP mode file for STMicroelectronics.X-CUBE-FREERTOS.1.2.0
2024-08-02 19:11:42,559 [WARN] PackLoader:240 - Cannot read IP mode file for STMicroelectronics.X-CUBE-AZRTOS-L5.2.0.0
2024-08-02 19:11:42,601 [WARN] PackLoader:240 - Cannot read IP mode file for STMicroelectronics.X-CUBE-DPower.1.2.0
2024-08-02 19:11:42,638 [WARN] PackLoader:240 - Cannot read IP mode file for STMicroelectronics.X-CUBE-NFC7.1.0.1
2024-08-02 19:11:42,696 [WARN] PackLoader:240 - Cannot read IP mode file for wolfSSL.I-CUBE-wolfTPM.3.2.0
2024-08-02 19:11:43,152 [WARN] ConditionMgr:438 - getConditionDescription Invalid condition id : LAN8742 Phy interface Condition cause : null
2024-08-02 19:11:43,153 [WARN] PackLoader:240 - Cannot read IP mode file for STMicroelectronics.X-CUBE-AZRTOS-L4.2.0.0
2024-08-02 19:11:43,155 [WARN] ConditionMgr:1039 - genDependencies : Invalid condition id : LAN8742 Phy interface Condition cause : null
2024-08-02 19:11:43,155 [WARN] ConditionMgr:1039 - genDependencies : Invalid condition id : LAN8742 Phy interface Condition cause : null
2024-08-02 19:11:43,156 [WARN] ConditionMgr:1039 - genDependencies : Invalid condition id : LAN8742 Phy interface Condition cause : null
2024-08-02 19:11:43,196 [WARN] PackLoader:240 - Cannot read IP mode file for STMicroelectronics.X-CUBE-SFXS2LP1.4.0.0
2024-08-02 19:11:43,249 [WARN] ConditionMgr:438 - getConditionDescription Invalid condition id : UX DEVICE CLASS RTOS Condition cause : null
2024-08-02 19:11:43,249 [WARN] ConditionMgr:438 - getConditionDescription Invalid condition id : UX DEVICE CLASS RTOS Condition cause : null
2024-08-02 19:11:43,252 [WARN] PackLoader:240 - Cannot read IP mode file for STMicroelectronics.X-CUBE-AZRTOS-WB.2.0.0
2024-08-02 19:11:43,253 [WARN] ConditionMgr:1039 - genDependencies : Invalid condition id : UX DEVICE CLASS RTOS Condition cause : null
2024-08-02 19:11:43,253 [WARN] ConditionMgr:1039 - genDependencies : Invalid condition id : UX DEVICE CLASS RTOS Condition cause : null
2024-08-02 19:11:43,254 [WARN] ConditionMgr:1039 - genDependencies : Invalid condition id : UX DEVICE CLASS RTOS Condition cause : null
2024-08-02 19:11:43,255 [WARN] ConditionMgr:1039 - genDependencies : Invalid condition id : UX DEVICE CLASS RTOS Condition cause : null
2024-08-02 19:11:43,255 [WARN] ConditionMgr:1039 - genDependencies : Invalid condition id : UX DEVICE CLASS RTOS Condition cause : null
2024-08-02 19:11:43,379 [WARN] PackLoader:240 - Cannot read IP mode file for STMicroelectronics.FP-SNS-STBOX1.2.0.0
2024-08-02 19:11:43,479 [WARN] PackLoader:240 - Cannot read IP mode file for STMicroelectronics.X-CUBE-SUBG2.5.0.0
2024-08-02 19:11:43,531 [WARN] PackLoader:240 - Cannot read IP mode file for STMicroelectronics.X-CUBE-AZRTOS-G4.2.0.0
2024-08-02 19:11:43,563 [WARN] PackLoader:240 - Cannot read IP mode file for STMicroelectronics.X-CUBE-ISPU.2.0.0
2024-08-02 19:11:43,588 [WARN] PackLoader:240 - Cannot read IP mode file for STMicroelectronics.X-CUBE-ALS.1.0.2
2024-08-02 19:11:43,680 [WARN] PackLoader:240 - Cannot read IP mode file for STMicroelectronics.X-CUBE-MEMS1.10.0.0
2024-08-02 19:11:43,926 [WARN] PackLoader:240 - Cannot read IP mode file for STMicroelectronics.X-CUBE-FREERTOS.1.1.0
2024-08-02 19:11:44,093 [WARN] PackLoader:240 - Cannot read IP mode file for STMicroelectronics.X-CUBE-TOUCHGFX.4.24.0
2024-08-02 19:11:44,119 [WARN] PackLoader:240 - Cannot read IP mode file for portGmbH.I-Cube-SoM-uGOAL.1.1.0
2024-08-02 19:11:44,140 [WARN] PackLoader:240 - Cannot read IP mode file for STMicroelectronics.X-CUBE-ALS.1.0.1
2024-08-02 19:11:44,159 [WARN] PackLoader:240 - Cannot read IP mode file for STMicroelectronics.FP-ATR-ASTRA1.2.0.0
2024-08-02 19:11:44,210 [WARN] PackLoader:240 - Cannot read IP mode file for STMicroelectronics.X-CUBE-TOF1.3.4.2
2024-08-02 19:11:44,278 [WARN] PackLoader:240 - Cannot read IP mode file for STMicroelectronics.X-CUBE-TOF1.3.4.1
2024-08-02 19:11:44,362 [WARN] PackLoader:240 - Cannot read IP mode file for STMicroelectronics.X-CUBE-AZRTOS-H7.3.2.0
2024-08-02 19:11:44,384 [WARN] PackLoader:240 - Cannot read IP mode file for wolfSSL.I-CUBE-wolfSSH.1.4.17
2024-08-02 19:11:44,384 [INFO] ThirdParty:978 - Integrity check success = true
2024-08-02 19:11:44,385 [INFO] IntegrityCheckThread:100 - exiting critical section [integrity check]
2024-08-02 19:11:44,385 [INFO] IntegrityCheckThread:103 - End integrity checks thread
2024-08-02 19:11:45,926 [INFO] WebApp:167 - Instantiating new browser for Auth
2024-08-02 19:11:46,956 [INFO] WebApp:448 - Apply proxy settings
2024-08-02 19:11:46,956 [INFO] WebApp:533 - Chromium requires no authentication
2024-08-02 19:11:46,965 [INFO] WebApp:476 - Direct internet connection detected
2024-08-02 19:11:46,996 [INFO] WebApp:869 - Register for checkConnection events
2024-08-02 19:11:46,996 [INFO] WebApp:448 - Apply proxy settings
2024-08-02 19:11:46,997 [INFO] WebApp:533 - Chromium requires no authentication
2024-08-02 19:11:46,997 [INFO] WebApp:476 - Direct internet connection detected
2024-08-02 19:11:47,216 [INFO] WebApp:220 - Starting web application
2024-08-02 19:11:47,216 [INFO] WebApp:578 - Web application path used C:\ST\STM32CubeIDE_1.15.0\STM32CubeIDE\plugins\com.st.stm32cube.common.mx_6.12.0.202406281431\db\plugins\mcufinder\reactClient1\index.html
2024-08-02 19:11:47,410 [INFO] UserAuth:417 - Internet connection configuration mode: 1
2024-08-02 19:11:47,629 [INFO] WebApp:186 - Connection restablished
