2024-04-20 10:32:46,439 [INFO] Activator:176 - 


2024-04-20 10:32:46,445 [INFO] Activator:177 - !SESSION log4j initialized
2024-04-20 10:32:51,008 [INFO] LogOutputStream:77 - [STDOUT_REDIRECT] 
2024-04-20 10:32:53,034 [INFO] ApplicationProperties:184 - Using Application install path: C:\ST\STM32CubeIDE_1.15.0\STM32CubeIDE\plugins\com.st.stm32cube.common.mx_6.11.0.202403141607
2024-04-20 10:32:53,049 [INFO] DbMcusXml:78 - Set database path to: C:\ST\STM32CubeIDE_1.15.0\STM32CubeIDE\plugins\com.st.stm32cube.common.mx_6.11.0.202403141607\\db\/mcu/
2024-04-20 10:32:53,050 [INFO] ApiDb:274 - Set plugin database path to: C:\ST\STM32CubeIDE_1.15.0\STM32CubeIDE\plugins\com.st.stm32cube.common.mx_6.11.0.202403141607\\db\/plugins/boardmanager/
2024-04-20 10:32:53,050 [WARN] ApiDb:259 - Overriding images path with different value:  => C:\ST\STM32CubeIDE_1.15.0\STM32CubeIDE\plugins\com.st.stm32cube.common.mx_6.11.0.202403141607\\db\/plugins/mcufinder/images/
2024-04-20 10:32:53,058 [INFO] ApiDb:250 - Set database path to: C:\Users\bnarb\.stmcufinder\plugins\mcufinder//mcu/
2024-04-20 10:32:53,059 [INFO] DbMcusAds:125 - Set database path to: C:\Users\bnarb\.stmcufinder\plugins\mcufinder//mcu/
2024-04-20 10:32:53,061 [INFO] CrossReferenceDbSqlite:203 - Set database path to: C:\Users\bnarb\.stmcufinder\plugins\mcufinder//mcu/cs/
2024-04-20 10:32:53,176 [INFO] RulesReader:64 - Compatibility file has been processed (297 Rules)
2024-04-20 10:32:53,253 [INFO] DbMcusXml:78 - Set database path to: C:\ST\STM32CubeIDE_1.15.0\STM32CubeIDE\plugins\com.st.stm32cube.common.mx_6.11.0.202403141607\\db\/mcu/
2024-04-20 10:32:53,253 [INFO] ApiDb:274 - Set plugin database path to: C:\ST\STM32CubeIDE_1.15.0\STM32CubeIDE\plugins\com.st.stm32cube.common.mx_6.11.0.202403141607\\db\/plugins/boardmanager/
2024-04-20 10:32:53,253 [INFO] ApiDb:261 - Set plugin images path to: C:\ST\STM32CubeIDE_1.15.0\STM32CubeIDE\plugins\com.st.stm32cube.common.mx_6.11.0.202403141607\\db\/plugins/mcufinder/images/
2024-04-20 10:32:53,253 [WARN] DbFile:41 - Overriding database path with different value: C:\Users\bnarb\.stmcufinder\plugins\mcufinder/ => C:\Users\bnarb\.stmcufinder\plugins\mcufinder
2024-04-20 10:32:53,254 [INFO] ApiDb:250 - Set database path to: C:\Users\bnarb\.stmcufinder\plugins\mcufinder//mcu/
2024-04-20 10:32:53,254 [WARN] DbFile:41 - Overriding database path with different value: C:\Users\bnarb\.stmcufinder\plugins\mcufinder/ => C:\Users\bnarb\.stmcufinder\plugins\mcufinder
2024-04-20 10:32:53,254 [INFO] DbMcusAds:125 - Set database path to: C:\Users\bnarb\.stmcufinder\plugins\mcufinder//mcu/
2024-04-20 10:32:53,254 [WARN] DbFile:41 - Overriding database path with different value: C:\Users\bnarb\.stmcufinder\plugins\mcufinder/ => C:\Users\bnarb\.stmcufinder\plugins\mcufinder
2024-04-20 10:32:53,254 [WARN] DbFile:41 - Overriding database path with different value: C:\Users\bnarb\.stmcufinder\plugins\mcufinder/ => C:\Users\bnarb\.stmcufinder\plugins\mcufinder
2024-04-20 10:32:53,254 [INFO] CrossReferenceDbSqlite:203 - Set database path to: C:\Users\bnarb\.stmcufinder\plugins\mcufinder//mcu/cs/
2024-04-20 10:32:53,328 [INFO] MainPanel:264 - HeapMemory: 268435456
2024-04-20 10:32:53,406 [INFO] DbMcusXml:78 - Set database path to: C:\ST\STM32CubeIDE_1.15.0\STM32CubeIDE\plugins\com.st.stm32cube.common.mx_6.11.0.202403141607\\db\/mcu/
2024-04-20 10:32:53,406 [INFO] ApiDb:274 - Set plugin database path to: C:\ST\STM32CubeIDE_1.15.0\STM32CubeIDE\plugins\com.st.stm32cube.common.mx_6.11.0.202403141607\\db\/plugins/boardmanager/
2024-04-20 10:32:53,406 [INFO] ApiDb:261 - Set plugin images path to: C:\ST\STM32CubeIDE_1.15.0\STM32CubeIDE\plugins\com.st.stm32cube.common.mx_6.11.0.202403141607\\db\/plugins/mcufinder/images/
2024-04-20 10:32:53,406 [WARN] DbFile:41 - Overriding database path with different value: C:\Users\bnarb\.stmcufinder\plugins\mcufinder/ => C:\Users\bnarb\.stmcufinder\plugins\mcufinder
2024-04-20 10:32:53,406 [INFO] ApiDb:250 - Set database path to: C:\Users\bnarb\.stmcufinder\plugins\mcufinder//mcu/
2024-04-20 10:32:53,406 [WARN] DbFile:41 - Overriding database path with different value: C:\Users\bnarb\.stmcufinder\plugins\mcufinder/ => C:\Users\bnarb\.stmcufinder\plugins\mcufinder
2024-04-20 10:32:53,406 [INFO] DbMcusAds:125 - Set database path to: C:\Users\bnarb\.stmcufinder\plugins\mcufinder//mcu/
2024-04-20 10:32:53,407 [WARN] DbFile:41 - Overriding database path with different value: C:\Users\bnarb\.stmcufinder\plugins\mcufinder/ => C:\Users\bnarb\.stmcufinder\plugins\mcufinder
2024-04-20 10:32:53,407 [WARN] DbFile:41 - Overriding database path with different value: C:\Users\bnarb\.stmcufinder\plugins\mcufinder/ => C:\Users\bnarb\.stmcufinder\plugins\mcufinder
2024-04-20 10:32:53,407 [INFO] CrossReferenceDbSqlite:203 - Set database path to: C:\Users\bnarb\.stmcufinder\plugins\mcufinder//mcu/cs/
2024-04-20 10:32:53,426 [INFO] ApplicationProperties:184 - Using Application install path: C:\ST\STM32CubeIDE_1.15.0\STM32CubeIDE\plugins\com.st.stm32cube.common.mx_6.11.0.202403141607
2024-04-20 10:32:53,428 [INFO] PluginManage:196 - Search for loadable plugins [exclusion list=, ]
2024-04-20 10:32:53,429 [INFO] PluginManage:310 - Check plugin analytics
2024-04-20 10:32:53,580 [INFO] AnalyticsPlugin:253 - Accepted Software Licenses: 
2024-04-20 10:32:53,580 [INFO] AnalyticsPlugin:255 - Accepted CMSIS Pack Licenses: 
2024-04-20 10:32:53,581 [INFO] AnalyticsPlugin:257 - Accepted Firmware Licenses: 
2024-04-20 10:32:53,583 [INFO] PluginManage:359 - Loaded plugin analytics (category:tool,tabindex:-1)
2024-04-20 10:32:53,583 [INFO] PluginManage:310 - Check plugin cadmodel
2024-04-20 10:32:53,589 [INFO] CADModel:105 - Init CAD model plugin
2024-04-20 10:32:53,590 [INFO] PluginManage:359 - Loaded plugin cadmodel (category:power,tabindex:5)
2024-04-20 10:32:53,590 [INFO] PluginManage:310 - Check plugin clock
2024-04-20 10:32:53,600 [INFO] PluginManage:359 - Loaded plugin clock (category:base,tabindex:2)
2024-04-20 10:32:53,600 [INFO] PluginManage:310 - Check plugin ddr
2024-04-20 10:32:53,602 [INFO] PluginManage:359 - Loaded plugin ddr (category:tool,tabindex:6)
2024-04-20 10:32:53,602 [INFO] PluginManage:310 - Check plugin filemanager
2024-04-20 10:32:53,738 [INFO] PluginManage:359 - Loaded plugin filemanager (category:base,tabindex:10)
2024-04-20 10:32:53,738 [INFO] PluginManage:310 - Check plugin ipmanager
2024-04-20 10:32:53,745 [INFO] PluginManage:359 - Loaded plugin ipmanager (category:base,tabindex:5)
2024-04-20 10:32:53,745 [INFO] PluginManage:310 - Check plugin lpbam
2024-04-20 10:32:53,752 [INFO] PluginManage:359 - Loaded plugin lpbam (category:base,tabindex:0)
2024-04-20 10:32:53,752 [INFO] PluginManage:310 - Check plugin memorymap
2024-04-20 10:32:53,765 [INFO] PluginManage:359 - Loaded plugin memorymap (category:base,tabindex:4)
2024-04-20 10:32:53,765 [INFO] PluginManage:310 - Check plugin pinoutandconfiguration
2024-04-20 10:32:53,772 [INFO] PluginManage:359 - Loaded plugin pinoutandconfiguration (category:base,tabindex:1)
2024-04-20 10:32:53,772 [INFO] PluginManage:310 - Check plugin pinoutconfig
2024-04-20 10:32:53,848 [WARN] SupportedApi:132 - Cannot load RTOS API schema: s4s-elt-must-match.1: The content of 'definitions' must match (annotation?, (simpleType | complexType)?, (unique | key | keyref)*)). A problem was found starting at: attribute.
2024-04-20 10:32:53,956 [INFO] PluginManage:359 - Loaded plugin pinoutconfig (category:base,tabindex:0)
2024-04-20 10:32:53,957 [INFO] PluginManage:310 - Check plugin power
2024-04-20 10:32:53,966 [INFO] PluginManage:359 - Loaded plugin power (category:power,tabindex:4)
2024-04-20 10:32:53,966 [INFO] PluginManage:310 - Check plugin projectmanager
2024-04-20 10:32:53,981 [INFO] PluginManage:359 - Loaded plugin projectmanager (category:projectmanager,tabindex:3)
2024-04-20 10:32:53,981 [INFO] PluginManage:310 - Check plugin thirdparty
2024-04-20 10:32:54,099 [INFO] PluginManage:359 - Loaded plugin thirdparty (category:base,tabindex:-1)
2024-04-20 10:32:54,099 [INFO] PluginManage:310 - Check plugin tools
2024-04-20 10:32:54,099 [WARN] IntegrityCheckThread:84 - waiting for thirdparty lock release [integrity check]
2024-04-20 10:32:54,099 [INFO] IntegrityCheckThread:86 - entering critical section [integrity check]
2024-04-20 10:32:54,100 [INFO] ThirdPartyUpdaterWithRetryManager:70 - Updater plugin not ready yet. [1/15]
2024-04-20 10:32:54,102 [INFO] PluginManage:359 - Loaded plugin tools (category:base,tabindex:7)
2024-04-20 10:32:54,102 [INFO] PluginManage:310 - Check plugin tutovideos
2024-04-20 10:32:54,263 [INFO] PluginManage:359 - Loaded plugin tutovideos (category:base,tabindex:-1)
2024-04-20 10:32:54,263 [INFO] PluginManage:310 - Check plugin updater
2024-04-20 10:32:54,272 [INFO] PluginManage:359 - Loaded plugin updater (category:base,tabindex:12)
2024-04-20 10:32:54,272 [INFO] PluginManage:310 - Check plugin userauth
2024-04-20 10:32:54,277 [INFO] UserAuth:114 - Init User Auth plugin
2024-04-20 10:32:54,277 [INFO] PluginManage:359 - Loaded plugin userauth (category:base,tabindex:14)
2024-04-20 10:32:54,278 [INFO] PluginManage:283 - PluginManage : Loaded plugins [17]
2024-04-20 10:32:54,474 [INFO] PinOutPanel:1561 - setPackage(No Configuration,No Configuration)
2024-04-20 10:32:54,541 [INFO] CADModel:165 - CPN selected for project level
2024-04-20 10:32:54,541 [INFO] CADModel:114 - Register for checkConnection events
2024-04-20 10:32:54,555 [INFO] IPUIPlugin:80 - create IPUIPlugin
2024-04-20 10:32:54,556 [INFO] PluginManager:220 - loadIPPluginJar : add adc
2024-04-20 10:32:54,558 [INFO] IPUIPlugin:80 - create IPUIPlugin
2024-04-20 10:32:54,558 [INFO] PluginManager:220 - loadIPPluginJar : add aes
2024-04-20 10:32:54,561 [INFO] IPUIPlugin:80 - create IPUIPlugin
2024-04-20 10:32:54,561 [INFO] PluginManager:220 - loadIPPluginJar : add can
2024-04-20 10:32:54,563 [INFO] IPUIPlugin:80 - create IPUIPlugin
2024-04-20 10:32:54,563 [INFO] PluginManager:220 - loadIPPluginJar : add comp
2024-04-20 10:32:54,565 [INFO] IPUIPlugin:80 - create IPUIPlugin
2024-04-20 10:32:54,565 [INFO] PluginManager:220 - loadIPPluginJar : add cryp
2024-04-20 10:32:54,568 [INFO] IPUIPlugin:80 - create IPUIPlugin
2024-04-20 10:32:54,568 [INFO] PluginManager:220 - loadIPPluginJar : add dfsdm
2024-04-20 10:32:54,574 [INFO] IPUIPlugin:80 - create IPUIPlugin
2024-04-20 10:32:54,574 [INFO] PluginManager:220 - loadIPPluginJar : add dma
2024-04-20 10:32:54,577 [INFO] IPUIPlugin:80 - create IPUIPlugin
2024-04-20 10:32:54,577 [INFO] PluginManager:220 - loadIPPluginJar : add dma3
2024-04-20 10:32:54,580 [INFO] IPUIPlugin:80 - create IPUIPlugin
2024-04-20 10:32:54,580 [INFO] PluginManager:220 - loadIPPluginJar : add extmemmanager
2024-04-20 10:32:54,582 [INFO] IPUIPlugin:80 - create IPUIPlugin
2024-04-20 10:32:54,582 [INFO] PluginManager:220 - loadIPPluginJar : add fatfs
2024-04-20 10:32:54,586 [INFO] IPUIPlugin:80 - create IPUIPlugin
2024-04-20 10:32:54,586 [INFO] PluginManager:220 - loadIPPluginJar : add fmc
2024-04-20 10:32:54,602 [INFO] IPUIPlugin:80 - create IPUIPlugin
2024-04-20 10:32:54,602 [INFO] PluginManager:220 - loadIPPluginJar : add freertos
2024-04-20 10:32:54,604 [INFO] IPUIPlugin:80 - create IPUIPlugin
2024-04-20 10:32:54,604 [INFO] PluginManager:220 - loadIPPluginJar : add genericplugin
2024-04-20 10:32:54,607 [INFO] IPUIPlugin:80 - create IPUIPlugin
2024-04-20 10:32:54,607 [INFO] PluginManager:220 - loadIPPluginJar : add gfxmmu
2024-04-20 10:32:54,611 [INFO] IPUIPlugin:80 - create IPUIPlugin
2024-04-20 10:32:54,611 [INFO] PluginManager:220 - loadIPPluginJar : add gic
2024-04-20 10:32:54,615 [INFO] IPUIPlugin:80 - create IPUIPlugin
2024-04-20 10:32:54,615 [INFO] PluginManager:220 - loadIPPluginJar : add gpio
2024-04-20 10:32:54,624 [INFO] IPUIPlugin:80 - create IPUIPlugin
2024-04-20 10:32:54,625 [INFO] PluginManager:220 - loadIPPluginJar : add gtzc
2024-04-20 10:32:54,627 [INFO] IPUIPlugin:80 - create IPUIPlugin
2024-04-20 10:32:54,627 [INFO] PluginManager:220 - loadIPPluginJar : add hash
2024-04-20 10:32:54,630 [INFO] IPUIPlugin:80 - create IPUIPlugin
2024-04-20 10:32:54,630 [INFO] PluginManager:220 - loadIPPluginJar : add i2c
2024-04-20 10:32:54,633 [INFO] IPUIPlugin:80 - create IPUIPlugin
2024-04-20 10:32:54,633 [INFO] PluginManager:220 - loadIPPluginJar : add i2s
2024-04-20 10:32:54,635 [INFO] IPUIPlugin:80 - create IPUIPlugin
2024-04-20 10:32:54,636 [INFO] PluginManager:220 - loadIPPluginJar : add i3c
2024-04-20 10:32:54,639 [INFO] IPUIPlugin:80 - create IPUIPlugin
2024-04-20 10:32:54,639 [INFO] PluginManager:220 - loadIPPluginJar : add ipddr
2024-04-20 10:32:54,645 [INFO] IPUIPlugin:80 - create IPUIPlugin
2024-04-20 10:32:54,645 [INFO] PluginManager:220 - loadIPPluginJar : add linkedlist
2024-04-20 10:32:54,648 [INFO] IPUIPlugin:80 - create IPUIPlugin
2024-04-20 10:32:54,648 [INFO] PluginManager:220 - loadIPPluginJar : add lorawan
2024-04-20 10:32:54,650 [INFO] IPUIPlugin:80 - create IPUIPlugin
2024-04-20 10:32:54,650 [INFO] PluginManager:220 - loadIPPluginJar : add ltdc
2024-04-20 10:32:54,656 [INFO] IPUIPlugin:80 - create IPUIPlugin
2024-04-20 10:32:54,656 [INFO] PluginManager:220 - loadIPPluginJar : add mdma
2024-04-20 10:32:54,659 [INFO] IPUIPlugin:80 - create IPUIPlugin
2024-04-20 10:32:54,660 [INFO] PluginManager:220 - loadIPPluginJar : add nvic
2024-04-20 10:32:54,663 [INFO] IPUIPlugin:80 - create IPUIPlugin
2024-04-20 10:32:54,663 [INFO] PluginManager:220 - loadIPPluginJar : add opamp
2024-04-20 10:32:54,666 [INFO] IPUIPlugin:80 - create IPUIPlugin
2024-04-20 10:32:54,666 [INFO] PluginManager:220 - loadIPPluginJar : add openamp
2024-04-20 10:32:54,669 [INFO] IPUIPlugin:80 - create IPUIPlugin
2024-04-20 10:32:54,670 [INFO] PluginManager:220 - loadIPPluginJar : add pdm2pcm
2024-04-20 10:32:54,675 [INFO] IPUIPlugin:80 - create IPUIPlugin
2024-04-20 10:32:54,678 [INFO] PluginManager:220 - loadIPPluginJar : add plateformsettings
2024-04-20 10:32:54,679 [INFO] IPUIPlugin:80 - create IPUIPlugin
2024-04-20 10:32:54,679 [INFO] PluginManager:220 - loadIPPluginJar : add quadspi
2024-04-20 10:32:54,683 [INFO] IPUIPlugin:80 - create IPUIPlugin
2024-04-20 10:32:54,683 [INFO] PluginManager:220 - loadIPPluginJar : add resmgrutility
2024-04-20 10:32:54,686 [INFO] IPUIPlugin:80 - create IPUIPlugin
2024-04-20 10:32:54,686 [INFO] PluginManager:220 - loadIPPluginJar : add sai
2024-04-20 10:32:54,689 [INFO] IPUIPlugin:80 - create IPUIPlugin
2024-04-20 10:32:54,689 [INFO] PluginManager:220 - loadIPPluginJar : add spi
2024-04-20 10:32:54,694 [INFO] IPUIPlugin:80 - create IPUIPlugin
2024-04-20 10:32:54,694 [INFO] PluginManager:220 - loadIPPluginJar : add stm32_wpan
2024-04-20 10:32:54,696 [INFO] IPUIPlugin:80 - create IPUIPlugin
2024-04-20 10:32:54,696 [INFO] PluginManager:220 - loadIPPluginJar : add tim
2024-04-20 10:32:54,699 [INFO] IPUIPlugin:80 - create IPUIPlugin
2024-04-20 10:32:54,699 [INFO] PluginManager:220 - loadIPPluginJar : add touchsensing
2024-04-20 10:32:54,701 [INFO] IPUIPlugin:80 - create IPUIPlugin
2024-04-20 10:32:54,701 [INFO] PluginManager:220 - loadIPPluginJar : add tracer_emb
2024-04-20 10:32:54,703 [INFO] IPUIPlugin:80 - create IPUIPlugin
2024-04-20 10:32:54,703 [INFO] PluginManager:220 - loadIPPluginJar : add ts
2024-04-20 10:32:54,705 [INFO] IPUIPlugin:80 - create IPUIPlugin
2024-04-20 10:32:54,705 [INFO] PluginManager:220 - loadIPPluginJar : add tsc
2024-04-20 10:32:54,707 [INFO] IPUIPlugin:80 - create IPUIPlugin
2024-04-20 10:32:54,707 [INFO] PluginManager:220 - loadIPPluginJar : add ucpd
2024-04-20 10:32:54,710 [INFO] IPUIPlugin:80 - create IPUIPlugin
2024-04-20 10:32:54,710 [INFO] PluginManager:220 - loadIPPluginJar : add usart
2024-04-20 10:32:54,713 [INFO] IPUIPlugin:80 - create IPUIPlugin
2024-04-20 10:32:54,713 [INFO] PluginManager:220 - loadIPPluginJar : add usbx
2024-04-20 10:32:54,842 [INFO] CADModel:165 - CPN selected for project level
2024-04-20 10:32:54,842 [INFO] CADModel:114 - Register for checkConnection events
2024-04-20 10:32:54,842 [FATAL] Updater:308 - Updater called before beeing initialized
2024-04-20 10:32:54,843 [ERROR] CADModel:125 - Updater not yet initialized, retry later 
2024-04-20 10:32:54,967 [INFO] CADModel:165 - CPN selected for project level
2024-04-20 10:32:54,968 [INFO] CADModel:114 - Register for checkConnection events
2024-04-20 10:32:54,968 [FATAL] Updater:308 - Updater called before beeing initialized
2024-04-20 10:32:54,968 [ERROR] CADModel:125 - Updater not yet initialized, retry later 
2024-04-20 10:32:54,970 [FATAL] Updater:308 - Updater called before beeing initialized
2024-04-20 10:32:55,075 [FATAL] Updater:308 - Updater called before beeing initialized
2024-04-20 10:32:55,080 [INFO] DbMcusAds:53 - JSON generation date=Wed Nov 29 15:52:27 QYZT 2023 (1701255147349)
2024-04-20 10:32:55,080 [FATAL] Updater:308 - Updater called before beeing initialized
2024-04-20 10:32:55,117 [WARN] DetailPanel:346 - Failed to get advertising image, set to default
2024-04-20 10:32:55,209 [FATAL] Updater:308 - Updater called before beeing initialized
2024-04-20 10:32:55,211 [FATAL] Updater:308 - Updater called before beeing initialized
2024-04-20 10:32:55,211 [FATAL] Updater:308 - Updater called before beeing initialized
2024-04-20 10:32:55,211 [WARN] DetailPanel:346 - Failed to get advertising image, set to default
2024-04-20 10:32:55,212 [FATAL] Updater:308 - Updater called before beeing initialized
2024-04-20 10:32:55,256 [ERROR] Updater:1120 - MainUpdater not yet initialized. External WinMGr cannot be set.
2024-04-20 10:32:55,257 [INFO] Updater:1056 - Updater Version found : 6.11.0
2024-04-20 10:32:55,275 [INFO] ApplicationProperties:184 - Using Application install path: C:\ST\STM32CubeIDE_1.15.0\STM32CubeIDE\plugins\com.st.stm32cube.common.mx_6.11.0.202403141607
2024-04-20 10:32:56,846 [ERROR] LogOutputStream:75 - [STDERR_REDIRECT] Apr 20, 2024 10:32:56 AM java.util.prefs.WindowsPreferences <init>
2024-04-20 10:32:56,848 [ERROR] LogOutputStream:75 - [STDERR_REDIRECT] WARNING: Could not open/create prefs root node Software\JavaSoft\Prefs at root 0xffffffff80000002. Windows RegCreateKeyEx(...) returned error code 5.
2024-04-20 10:32:56,848 [ERROR] LogOutputStream:75 - [STDERR_REDIRECT] 
2024-04-20 10:32:57,101 [INFO] ThirdPartyUpdaterWithRetryManager:70 - Updater plugin not ready yet. [2/15]
2024-04-20 10:32:57,256 [INFO] MainUpdater:2873 - connection check result : 10
2024-04-20 10:32:57,256 [INFO] MainUpdater:290 - Updater Check For Update Now.
2024-04-20 10:32:57,257 [INFO] MicroXplorer:498 - Change Database Version : DB.6.0.110
2024-04-20 10:32:57,263 [INFO] McuFinderGlobals:63 - Set McuFinder mode to 2 (CubeIDE integrated)
2024-04-20 10:32:57,268 [INFO] UserAuth:415 - Internet connection configuration mode: 1
2024-04-20 10:32:57,285 [INFO] JxBrowserEngine:152 - Initiate JxBrowser Engine with user profile folder
2024-04-20 10:32:57,430 [INFO] CheckServerUpdateThread:120 - End of CheckServer Thread
2024-04-20 10:32:58,484 [INFO] McuFinderGlobals:63 - Set McuFinder mode to 2 (CubeIDE integrated)
2024-04-20 10:32:58,520 [INFO] MainUpdater:2873 - connection check result : 10
2024-04-20 10:32:58,528 [INFO] MainUpdater:2873 - connection check result : 10
2024-04-20 10:32:58,700 [INFO] MicroXplorer:468 - Change Database Path : 
2024-04-20 10:32:58,700 [INFO] MicroXplorer:498 - Change Database Version : DB.6.0.110
2024-04-20 10:32:58,705 [INFO] WebApp:161 - Instantiating new browser for Auth
2024-04-20 10:32:58,709 [WARN] ThirdParty:871 - waiting for thirdparty lock release [close project]
2024-04-20 10:32:59,266 [INFO] WebApp:779 - Register for checkConnection events
2024-04-20 10:32:59,266 [INFO] WebApp:414 - Apply proxy settings
2024-04-20 10:32:59,267 [INFO] WebApp:499 - Chromium requires no authentication
2024-04-20 10:32:59,273 [INFO] WebApp:442 - Direct internet connection detected
2024-04-20 10:32:59,420 [INFO] WebApp:192 - Starting web application
2024-04-20 10:32:59,420 [INFO] WebApp:544 - Web application path used C:\ST\STM32CubeIDE_1.15.0\STM32CubeIDE\plugins\com.st.stm32cube.common.mx_6.11.0.202403141607\db\plugins\mcufinder\reactClient1\index.html
2024-04-20 10:33:00,248 [WARN] PackLoader:240 - Cannot read IP mode file for STMicroelectronics.X-CUBE-SMBUS.2.1.0
2024-04-20 10:33:00,277 [WARN] PackLoader:240 - Cannot read IP mode file for STMicroelectronics.X-CUBE-AZRTOS-F7.1.1.0
2024-04-20 10:33:00,286 [WARN] PackLoader:240 - Cannot read IP mode file for STMicroelectronics.FP-SNS-FLIGHT1.5.0.2
2024-04-20 10:33:00,294 [WARN] PackLoader:240 - Cannot read IP mode file for STMicroelectronics.X-CUBE-DISPLAY.3.0.0
2024-04-20 10:33:00,307 [WARN] PackLoader:240 - Cannot read IP mode file for STMicroelectronics.X-CUBE-BLE1.7.0.0
2024-04-20 10:33:00,317 [WARN] PackLoader:240 - Cannot read IP mode file for STMicroelectronics.X-CUBE-BLEMGR.3.1.0
2024-04-20 10:33:00,326 [WARN] PackLoader:240 - Cannot read IP mode file for STMicroelectronics.FP-SNS-SMARTAG2.1.2.0
2024-04-20 10:33:00,336 [INFO] LogOutputStream:77 - [STDOUT_REDIRECT] 1 : Invalid condition id : UX_CORESTACK_Condition cause : null
2024-04-20 10:33:00,336 [INFO] LogOutputStream:77 - [STDOUT_REDIRECT] 1 : Invalid condition id : UX_CORESTACK_Condition cause : null
2024-04-20 10:33:00,337 [INFO] LogOutputStream:77 - [STDOUT_REDIRECT] 1 : Invalid condition id : UX_CORESTACK_Condition cause : null
2024-04-20 10:33:00,338 [INFO] LogOutputStream:77 - [STDOUT_REDIRECT] 1 : Invalid condition id : UX_CORESTACK_Condition cause : null
2024-04-20 10:33:00,339 [INFO] LogOutputStream:77 - [STDOUT_REDIRECT] 1 : Invalid condition id : UX_CORESTACK_Condition cause : null
2024-04-20 10:33:00,343 [WARN] PackLoader:240 - Cannot read IP mode file for STMicroelectronics.X-CUBE-AZRTOS-WL.2.0.0
2024-04-20 10:33:00,352 [WARN] PackLoader:240 - Cannot read IP mode file for WES.I-CUBE-Cesium.1.3.0
2024-04-20 10:33:00,358 [WARN] PackLoader:240 - Cannot read IP mode file for STMicroelectronics.X-CUBE-BLE2.3.3.0
2024-04-20 10:33:00,364 [WARN] PackLoader:240 - Cannot read IP mode file for STMicroelectronics.X-CUBE-ALGOBUILD.1.3.0
2024-04-20 10:33:00,379 [WARN] PackLoader:240 - Cannot read IP mode file for STMicroelectronics.X-CUBE-AZRTOS-G0.1.1.0
2024-04-20 10:33:00,387 [WARN] PackLoader:240 - Cannot read IP mode file for STMicroelectronics.X-CUBE-NFC4.3.0.0
2024-04-20 10:33:00,393 [WARN] PackLoader:240 - Cannot read IP mode file for STMicroelectronics.FP-ATR-SIGFOX1.3.2.0
2024-04-20 10:33:00,399 [WARN] PackLoader:240 - Cannot read IP mode file for STMicroelectronics.X-CUBE-EEPRMA1.5.1.0
2024-04-20 10:33:00,427 [WARN] PackLoader:240 - Cannot read IP mode file for SEGGER.I-CUBE-embOS.1.3.1
2024-04-20 10:33:00,475 [WARN] PackLoader:240 - Cannot read IP mode file for STMicroelectronics.X-CUBE-GNSS1.6.0.0
2024-04-20 10:33:00,488 [WARN] PackLoader:240 - Cannot read IP mode file for STMicroelectronics.X-CUBE-AZRTOS-F4.1.1.0
2024-04-20 10:33:00,507 [WARN] PackLoader:240 - Cannot read IP mode file for STMicroelectronics.X-CUBE-AZRTOS-L5.2.0.0
2024-04-20 10:33:00,514 [WARN] PackLoader:240 - Cannot read IP mode file for STMicroelectronics.X-CUBE-NFC7.1.0.1
2024-04-20 10:33:00,528 [WARN] ConditionMgr:438 - getConditionDescription Invalid condition id : LAN8742 Phy interface Condition cause : null
2024-04-20 10:33:00,529 [WARN] PackLoader:240 - Cannot read IP mode file for STMicroelectronics.X-CUBE-AZRTOS-L4.2.0.0
2024-04-20 10:33:00,530 [WARN] ConditionMgr:1039 - genDependencies : Invalid condition id : LAN8742 Phy interface Condition cause : null
2024-04-20 10:33:00,530 [WARN] ConditionMgr:1039 - genDependencies : Invalid condition id : LAN8742 Phy interface Condition cause : null
2024-04-20 10:33:00,531 [WARN] ConditionMgr:1039 - genDependencies : Invalid condition id : LAN8742 Phy interface Condition cause : null
2024-04-20 10:33:00,537 [WARN] PackLoader:240 - Cannot read IP mode file for STMicroelectronics.X-CUBE-SFXS2LP1.4.0.0
2024-04-20 10:33:00,548 [WARN] ConditionMgr:438 - getConditionDescription Invalid condition id : UX DEVICE CLASS RTOS Condition cause : null
2024-04-20 10:33:00,548 [WARN] ConditionMgr:438 - getConditionDescription Invalid condition id : UX DEVICE CLASS RTOS Condition cause : null
2024-04-20 10:33:00,550 [WARN] PackLoader:240 - Cannot read IP mode file for STMicroelectronics.X-CUBE-AZRTOS-WB.2.0.0
2024-04-20 10:33:00,550 [WARN] ConditionMgr:1039 - genDependencies : Invalid condition id : UX DEVICE CLASS RTOS Condition cause : null
2024-04-20 10:33:00,550 [WARN] ConditionMgr:1039 - genDependencies : Invalid condition id : UX DEVICE CLASS RTOS Condition cause : null
2024-04-20 10:33:00,551 [WARN] ConditionMgr:1039 - genDependencies : Invalid condition id : UX DEVICE CLASS RTOS Condition cause : null
2024-04-20 10:33:00,551 [WARN] ConditionMgr:1039 - genDependencies : Invalid condition id : UX DEVICE CLASS RTOS Condition cause : null
2024-04-20 10:33:00,551 [WARN] ConditionMgr:1039 - genDependencies : Invalid condition id : UX DEVICE CLASS RTOS Condition cause : null
2024-04-20 10:33:00,559 [WARN] PackLoader:240 - Cannot read IP mode file for STMicroelectronics.X-CUBE-SUBG2.5.0.0
2024-04-20 10:33:00,576 [WARN] PackLoader:240 - Cannot read IP mode file for STMicroelectronics.X-CUBE-AZRTOS-G4.2.0.0
2024-04-20 10:33:00,581 [WARN] PackLoader:240 - Cannot read IP mode file for STMicroelectronics.X-CUBE-ISPU.2.0.0
2024-04-20 10:33:00,612 [WARN] PackLoader:240 - Cannot read IP mode file for STMicroelectronics.X-CUBE-MEMS1.10.0.0
2024-04-20 10:33:00,741 [WARN] PackLoader:240 - Cannot read IP mode file for STMicroelectronics.X-CUBE-FREERTOS.1.1.0
2024-04-20 10:33:00,746 [WARN] PackLoader:240 - Cannot read IP mode file for portGmbH.I-Cube-SoM-uGOAL.1.1.0
2024-04-20 10:33:00,751 [WARN] PackLoader:240 - Cannot read IP mode file for STMicroelectronics.X-CUBE-ALS.1.0.1
2024-04-20 10:33:00,755 [WARN] PackLoader:240 - Cannot read IP mode file for STMicroelectronics.FP-ATR-ASTRA1.2.0.0
2024-04-20 10:33:00,763 [WARN] PackLoader:240 - Cannot read IP mode file for STMicroelectronics.X-CUBE-TOF1.3.4.1
2024-04-20 10:33:00,788 [WARN] PackLoader:240 - Cannot read IP mode file for STMicroelectronics.X-CUBE-AZRTOS-H7.3.2.0
2024-04-20 10:33:00,791 [INFO] ThirdParty:978 - Integrity check success = true
2024-04-20 10:33:00,791 [INFO] IntegrityCheckThread:100 - exiting critical section [integrity check]
2024-04-20 10:33:00,791 [INFO] IntegrityCheckThread:103 - End integrity checks thread
2024-04-20 10:33:00,791 [INFO] ThirdParty:873 - entering critical section [close project]
2024-04-20 10:33:00,792 [INFO] ThirdParty:883 - exiting critical section [close project]
2024-04-20 10:33:00,793 [INFO] PinOutPanel:1561 - setPackage(No Configuration,No Configuration)
2024-04-20 10:33:00,797 [INFO] UtilMem:75 - Begin LoadConfig() Used Memory: 208844304 Bytes (300941312)
2024-04-20 10:33:00,798 [INFO] MicroXplorer:468 - Change Database Path : 
2024-04-20 10:33:00,798 [INFO] MicroXplorer:498 - Change Database Version : DB.6.0.110
2024-04-20 10:33:00,798 [INFO] OpenFileManager:312 - Change cursor
2024-04-20 10:33:00,824 [INFO] Mcu:2021 - Initializing MCU STM32F103C(8-B)Tx STM32F103C8Tx STM32F103C8T6
2024-04-20 10:33:01,626 [INFO] Context:663 - Trying to add GPIOservice into a context  which must be forbidden
2024-04-20 10:33:01,910 [INFO] RtosManager:555 - Registered RTOS mode: class=CMSIS, group=RTOS, mode=CMSIS_V1, owner=FREERTOS
2024-04-20 10:33:01,910 [INFO] RtosManager:555 - Registered RTOS mode: class=CMSIS, group=RTOS2, mode=CMSIS_V2, owner=FREERTOS
2024-04-20 10:33:01,910 [INFO] RtosManager:555 - Registered RTOS mode: class=RTOS, group=Core, mode=CMSIS_V1, owner=FREERTOS
2024-04-20 10:33:01,910 [INFO] RtosManager:555 - Registered RTOS mode: class=RTOS, group=Core, mode=CMSIS_V2, owner=FREERTOS
2024-04-20 10:33:01,910 [WARN] ModelIntegratedComponent:184 - Missing modes for component STMicroelectronics:FreeRTOS:0.0.1:STMicroelectronics:RTOS:FreeRTOS:Core:::10.2.0:
2024-04-20 10:33:01,922 [WARN] ModelIntegratedComponent:63 - No mode defined for component null
2024-04-20 10:33:01,922 [WARN] ModelIntegratedComponent:63 - No mode defined for component null
2024-04-20 10:33:01,922 [WARN] ModelIntegratedComponent:63 - No mode defined for component null
2024-04-20 10:33:01,923 [WARN] ModelIntegratedComponent:63 - No mode defined for component null
2024-04-20 10:33:01,923 [WARN] ModelIntegratedComponent:63 - No mode defined for component null
2024-04-20 10:33:01,923 [WARN] ModelIntegratedComponent:63 - No mode defined for component null
2024-04-20 10:33:01,923 [WARN] ModelIntegratedComponent:63 - No mode defined for component null
2024-04-20 10:33:01,923 [WARN] ModelIntegratedComponent:63 - No mode defined for component null
2024-04-20 10:33:01,923 [WARN] ModelIntegratedComponent:63 - No mode defined for component null
2024-04-20 10:33:01,923 [WARN] ModelIntegratedComponent:63 - No mode defined for component null
2024-04-20 10:33:01,923 [WARN] ModelIntegratedComponent:63 - No mode defined for component null
2024-04-20 10:33:01,923 [WARN] ModelIntegratedComponent:63 - No mode defined for component null
2024-04-20 10:33:01,923 [WARN] ModelIntegratedComponent:63 - No mode defined for component null
2024-04-20 10:33:01,923 [WARN] ModelIntegratedComponent:63 - No mode defined for component null
2024-04-20 10:33:01,923 [WARN] ModelIntegratedComponent:63 - No mode defined for component null
2024-04-20 10:33:01,923 [WARN] ModelIntegratedComponent:63 - No mode defined for component null
2024-04-20 10:33:01,923 [WARN] ModelIntegratedComponent:63 - No mode defined for component null
2024-04-20 10:33:01,923 [WARN] ModelIntegratedComponent:63 - No mode defined for component null
2024-04-20 10:33:01,923 [WARN] ModelIntegratedComponent:63 - No mode defined for component null
2024-04-20 10:33:01,923 [WARN] ModelIntegratedComponent:63 - No mode defined for component null
2024-04-20 10:33:01,923 [WARN] ModelIntegratedComponent:63 - No mode defined for component null
2024-04-20 10:33:01,924 [WARN] ModelIntegratedComponent:63 - No mode defined for component null
2024-04-20 10:33:01,924 [WARN] ModelIntegratedComponent:63 - No mode defined for component null
2024-04-20 10:33:01,924 [WARN] ModelIntegratedComponent:63 - No mode defined for component null
2024-04-20 10:33:01,924 [WARN] ModelIntegratedComponent:63 - No mode defined for component null
2024-04-20 10:33:01,924 [WARN] ModelIntegratedComponent:63 - No mode defined for component null
2024-04-20 10:33:01,924 [WARN] ModelIntegratedComponent:63 - No mode defined for component null
2024-04-20 10:33:01,924 [WARN] ModelIntegratedComponent:63 - No mode defined for component null
2024-04-20 10:33:01,924 [WARN] ModelIntegratedComponent:63 - No mode defined for component null
2024-04-20 10:33:01,924 [WARN] ModelIntegratedComponent:63 - No mode defined for component null
2024-04-20 10:33:01,924 [WARN] ModelIntegratedComponent:63 - No mode defined for component null
2024-04-20 10:33:01,924 [WARN] ModelIntegratedComponent:63 - No mode defined for component null
2024-04-20 10:33:01,924 [WARN] ModelIntegratedComponent:63 - No mode defined for component null
2024-04-20 10:33:01,924 [WARN] ModelIntegratedComponent:63 - No mode defined for component null
2024-04-20 10:33:02,023 [INFO] ThirdPartyModel:298 - Start build external matchings
2024-04-20 10:33:02,180 [INFO] ThirdPartyModel:316 - End build external matchings
2024-04-20 10:33:02,192 [INFO] ImportTextPane:194 - (OptionalMessage_ERROR) IP (RCC) : Parameter (ADCFreqValue) has invalid value (36000000)
2024-04-20 10:33:02,192 [INFO] ImportTextPane:194 - (OptionalMessage_ERROR) IP (RCC) : Invalid parameter (FamilyName)
2024-04-20 10:33:02,192 [INFO] ImportTextPane:194 - (OptionalMessage_ERROR) IP (RCC) : Parameter (MCOFreq_Value) has invalid value (72000000)
2024-04-20 10:33:02,389 [INFO] ApiDb:581 - Connected to CubeFinder SQLite database (C:\Users\bnarb\.stmcufinder\plugins\mcufinder\mcu\cube-finder-db.db)
2024-04-20 10:33:02,495 [INFO] ApiDb:668 - CubeFinder database Data Model version=2.1
2024-04-20 10:33:02,495 [INFO] ApiDb:669 - CubeFinder database Configuration version=3.0.39
2024-04-20 10:33:02,496 [INFO] ApiDb:670 - CubeFinder database generation date=2024-03-25 (1711369621)
2024-04-20 10:33:02,496 [INFO] ApiDb:671 - CubeFinder database FW Pack versions=[FP-ATR-ASTRA1_V2.0.0, FP-SNS-FLIGHT1_V5.0.1, FP-SNS-FLIGHT1_V5.0.2, FP-SNS-MOTENV1_V4.3.1, FP-SNS-MOTENV1_V4.3.2, FP-SNS-MOTENVWB1_V1.3.1, FP-SNS-SMARTAG2_V1.2.0, STM32Cube_FW_C0_V1.1.0, STM32Cube_FW_F4_V1.28.0, STM32Cube_FW_F7_V1.17.0, STM32Cube_FW_G0_V1.6.2, STM32Cube_FW_G4_V1.5.2, STM32Cube_FW_H5_V0.5.1, STM32Cube_FW_H5_V1.1.1, STM32Cube_FW_H5_V1.2.0, STM32Cube_FW_H5_V1.2.0RC4, STM32Cube_FW_H7RS_V1.0.0, STM32Cube_FW_H7RS_V1.0.0RC4, STM32Cube_FW_H7_V1.11.0, STM32Cube_FW_L0_V1.12.2, STM32Cube_FW_L5_V1.5.1, STM32Cube_FW_U0_V1.0.0, STM32Cube_FW_U0_V1.0.0RC1, STM32Cube_FW_U5_V1.3.0RC4, STM32Cube_FW_U5_V1.5.0, STM32Cube_FW_U5_V1.5.0RC1, STM32Cube_FW_WBA_V1.0.0RC1, STM32Cube_FW_WBA_V1.2.0, STM32Cube_FW_WBA_V1.2.0RC2, STM32Cube_FW_WBA_V1.3.0, STM32Cube_FW_WBA_V1.3.0RC1, STM32Cube_FW_WB_V1.15.0RC1, STM32Cube_FW_WB_V1.16.0, STM32Cube_FW_WB_V1.16.0RC2, STM32Cube_FW_WB_V1.18.0, STM32Cube_FW_WB_V1.19.0, STM32Cube_FW_WL_V1.3.0, X-CUBE-ALGOBUILD_V1.3.0, X-CUBE-ALS_V1.0.1, X-CUBE-AZRTOS-F4_V1.1.0, X-CUBE-AZRTOS-F7_V1.1.0, X-CUBE-AZRTOS-G0_V1.1.0, X-CUBE-AZRTOS-G4_V2.0.0, X-CUBE-AZRTOS-H7_V3.2.0, X-CUBE-AZRTOS-L4_V1.0.0, X-CUBE-AZRTOS-L4_V2.0.0, X-CUBE-AZRTOS-L5_V1.1.0, X-CUBE-AZRTOS-WB_V2.0.0, X-CUBE-AZRTOS-WL_V2.0.0, X-CUBE-BLE1_V7.0.0, X-CUBE-BLE2_V3.3.0, X-CUBE-BLEMGR_V3.1.0, X-CUBE-EEPRMA1_V4.1.0, X-CUBE-EEPRMA1_V5.1.0, X-CUBE-FREERTOS_V1.1.0, X-CUBE-GNSS1_V6.0.0, X-CUBE-MEMS1_V10.0.0, X-CUBE-MEMS1_V9.1.0, X-CUBE-MEMS1_V9.4.0, X-CUBE-MEMS1_V9.6.0, X-CUBE-NFC4_V3.0.0, X-CUBE-NFC7_V1.0.1, X-CUBE-SFXS2LP1_V4.0.0, X-CUBE-SUBG2_V5.0.0, X-CUBE-TOF1_V3.4.0]
2024-04-20 10:33:02,616 [INFO] DbBoardsSqlite:226 - include board P-NUCLEO-WB55-NUCLEO as a kit item of type 'Nucleo-64'
2024-04-20 10:33:02,617 [INFO] DbBoardsSqlite:226 - include board P-NUCLEO-WB55-USBDONGLE as a kit item of type 'Nucleo USB Dongle'
2024-04-20 10:33:02,617 [INFO] DbBoardsSqlite:226 - include board STEVAL-IDP005V1 as a kit item of type 'Evaluation Board'
2024-04-20 10:33:02,618 [INFO] DbBoardsSqlite:226 - include board STEVAL-IDP005V2 as a kit item of type 'Evaluation Board'
2024-04-20 10:33:02,946 [INFO] ApiDb:240 - Found 483 in-development CPN: [B-G473E-ZEST1S, B-WB1M-WPAN1, B-WL5M-SUBG1, NUCLEO-C031C6, NUCLEO-H503RB, NUCLEO-H533RE, NUCLEO-H563ZI, NUCLEO-H7S3L8, NUCLEO-U031R8, NUCLEO-U083RC, NUCLEO-U545RE-Q, NUCLEO-U5A5ZJ-Q, NUCLEO-WBA52CG, NUCLEO-WBA55CG, STEVAL-PROTEUS1, STEVAL-SMARTAG2, STEVAL-STWINBX1, STM320518-EVAL, STM32C0116-DK, STM32C011D6Y3TR, STM32C011D6Y6TR, STM32C011F4P3, STM32C011F4P6, STM32C011F4U3, STM32C011F4U6TR, STM32C011F6P3, STM32C011F6P6, STM32C011F6U3, STM32C011F6U6TR, STM32C011J4M3, STM32C011J4M6, STM32C011J6M3, STM32C011J6M6, STM32C0316-DK, STM32C031C4T3, STM32C031C4T6, STM32C031C4U3, STM32C031C4U6, STM32C031C6T3, STM32C031C6T6, STM32C031C6U3, STM32C031C6U6, STM32C031F4P3, STM32C031F4P6, STM32C031F6P3, STM32C031F6P6, STM32C031G4U3, STM32C031G4U6, STM32C031G6U3, STM32C031G6U6, STM32C031K4T3, STM32C031K4T6, STM32C031K4U3, STM32C031K4U6, STM32C031K6T3, STM32C031K6T6, STM32C031K6U3, STM32C031K6U6, STM32G071K8TXN, STM32G071K8UXN, STM32G081GBU6N, STM32G081KBT6N, STM32G081KBUXN, STM32G0B1CCT6N, STM32G0B1KCT6, STM32G0B1NEY6TR, STM32G0B1RCT6N, STM32G0C1CCT6, STM32G0C1CCT6N, STM32G0C1CCU6N, STM32G0C1CET6N, STM32G0C1CEU6N, STM32G0C1KCT6, STM32G0C1NEY6TR, STM32G0C1RCI6N, STM32G0C1RCT6N, STM32G0C1REI6N, STM32G0C1RET6N, STM32G0C1VCI6, STM32G0C1VEI6, STM32G471CCT6, STM32G471CCU6, STM32G471CET3, STM32G471CET6, STM32G471CEU3, STM32G471CEU6, STM32G471MCT6, STM32G471MET3, STM32G471MET6, STM32G471MEY6TR, STM32G471QCT6, STM32G471QET3, STM32G471RCT6, STM32G471RET3, STM32G471RET6, STM32G471VCH6, STM32G471VCI6, STM32G471VCT6, STM32G471VEH3, STM32G471VEH6, STM32G471VEI3, STM32G471VEI6, STM32G471VET3, STM32G471VET6, STM32G474CCT6, STM32H503CBT6, STM32H503CBU6, STM32H503EBY6TR, STM32H503KBU6, STM32H503RBT6, STM32H523CCT6, STM32H523CCU6, STM32H523CET6, STM32H523CEU6, STM32H523HEY6TR, STM32H523RCT6, STM32H523RET6, STM32H523VCI6, STM32H523VCT6, STM32H523VEI6, STM32H523VET6, STM32H523ZCJ6, STM32H523ZCT6, STM32H523ZEJ6, STM32H523ZET6, STM32H533CET6, STM32H533CEU6, STM32H533HEY6TR, STM32H533RET6, STM32H533VEI6, STM32H533VET6, STM32H533ZEJ6, STM32H533ZET6, STM32H562AGI6, STM32H562AII6, STM32H562IGK6, STM32H562IGT6, STM32H562IIK6, STM32H562IIT6, STM32H562RGT6, STM32H562RGV6, STM32H562RIT6, STM32H562RIV6, STM32H562VGT6, STM32H562VIT6, STM32H562ZGT6, STM32H562ZIT6, STM32H563AGI6, STM32H563AII3Q, STM32H563AII6, STM32H563IGK6, STM32H563IGT6, STM32H563IIK3Q, STM32H563IIK6, STM32H563IIT3Q, STM32H563IIT6, STM32H563MIY3QTR, STM32H563RGT6, STM32H563RGV6, STM32H563RIT6, STM32H563RIV6, STM32H563VGT6, STM32H563VIT3Q, STM32H563VIT6, STM32H563ZGT6, STM32H563ZIT3Q, STM32H563ZIT6, STM32H573AII3Q, STM32H573AII6, STM32H573I-DK, STM32H573IIK3Q, STM32H573IIK6, STM32H573IIT3Q, STM32H573IIT6, STM32H573MIY3QTR, STM32H573RIT6, STM32H573RIV6, STM32H573VIT3Q, STM32H573VIT6, STM32H573ZIT3Q, STM32H573ZIT6, STM32H7R3A8I6, STM32H7R3I8K6, STM32H7R3I8T6, STM32H7R3L8H6, STM32H7R3L8H6H, STM32H7R3R8V6, STM32H7R3V8H6, STM32H7R3V8T6, STM32H7R3V8Y6, STM32H7R3Z8J6, STM32H7R3Z8T6, STM32H7R7A8I6, STM32H7R7I8K6, STM32H7R7I8T6, STM32H7R7L8H6, STM32H7R7L8H6H, STM32H7R7Z8J6, STM32H7S3A8I6, STM32H7S3I8K6, STM32H7S3I8T6, STM32H7S3L8H6, STM32H7S3L8H6H, STM32H7S3R8V6, STM32H7S3V8H6, STM32H7S3V8T6, STM32H7S3V8Y6, STM32H7S3Z8J6, STM32H7S3Z8T6, STM32H7S78-DK, STM32H7S7A8I6, STM32H7S7I8K6, STM32H7S7I8T6, STM32H7S7L8H6, STM32H7S7L8H6H, STM32H7S7Z8J6, STM32L4R5QGI6STR, STM32MP131AAE3, STM32MP131AAF3, STM32MP131AAG3, STM32MP131CAE3, STM32MP131CAF3, STM32MP131CAG3, STM32MP131DAE7, STM32MP131DAF7, STM32MP131DAG7, STM32MP131FAE7, STM32MP131FAF7, STM32MP131FAG7, STM32MP133AAE3, STM32MP133AAF3, STM32MP133AAG3, STM32MP133CAE3, STM32MP133CAF3, STM32MP133CAG3, STM32MP133DAE7, STM32MP133DAF7, STM32MP133DAG7, STM32MP133FAE7, STM32MP133FAF7, STM32MP133FAG7, STM32MP135AAE3, STM32MP135AAF3, STM32MP135AAG3, STM32MP135CAE3, STM32MP135CAF3, STM32MP135CAG3, STM32MP135DAE7, STM32MP135DAF7, STM32MP135DAG7, STM32MP135F-DK, STM32MP135FAE7, STM32MP135FAF7, STM32MP135FAF7T, STM32MP135FAF7U, STM32MP135FAG7, STM32U031C6T6, STM32U031C6U6, STM32U031C8T6, STM32U031C8U6, STM32U031F4P6, STM32U031F6P6, STM32U031F8P6, STM32U031G6Y6TR, STM32U031G8Y6TR, STM32U031K4U6, STM32U031K6U6, STM32U031K8U6, STM32U031R6I6, STM32U031R6T6, STM32U031R8I6, STM32U031R8T6, STM32U073C8T6, STM32U073C8U6, STM32U073CBT6, STM32U073CBU6, STM32U073CCT6, STM32U073CCU6, STM32U073H8Y6TR, STM32U073HBY6TR, STM32U073HCY6TR, STM32U073K8U6, STM32U073KBU6, STM32U073KCU6, STM32U073M8I6, STM32U073M8T6, STM32U073MBI6, STM32U073MBT6, STM32U073MCI6, STM32U073MCT6, STM32U073R8I6, STM32U073R8T6, STM32U073RBI6, STM32U073RBT6, STM32U073RCI6, STM32U073RCT6, STM32U083C-DK, STM32U083CCT6, STM32U083CCU6, STM32U083HCY6TR, STM32U083KCU6, STM32U083MCI6, STM32U083MCT6, STM32U083RCI6, STM32U083RCT6, STM32U535CBT6, STM32U535CBT6Q, STM32U535CBU6, STM32U535CBU6Q, STM32U535CCT6, STM32U535CCT6Q, STM32U535CCU6, STM32U535CCU6Q, STM32U535CET6, STM32U535CET6Q, STM32U535CEU6, STM32U535CEU6Q, STM32U535JEY6QTR, STM32U535NCY6QTR, STM32U535NEY6QTR, STM32U535RBI6, STM32U535RBI6Q, STM32U535RBT6, STM32U535RBT6Q, STM32U535RCI6, STM32U535RCI6Q, STM32U535RCT6, STM32U535RCT6Q, STM32U535REI6, STM32U535REI6Q, STM32U535RET6, STM32U535RET6Q, STM32U535VCI6, STM32U535VCI6Q, STM32U535VCT6, STM32U535VCT6Q, STM32U535VEI6, STM32U535VEI6Q, STM32U535VET6, STM32U535VET6Q, STM32U545CET6, STM32U545CET6Q, STM32U545CEU6, STM32U545CEU6Q, STM32U545JEY6QTR, STM32U545NEY6QTR, STM32U545REI6, STM32U545REI6Q, STM32U545RET6, STM32U545RET6Q, STM32U545VEI6, STM32U545VEI6Q, STM32U545VET6, STM32U545VET6Q, STM32U595AIH6, STM32U595AIH6Q, STM32U595AJH6, STM32U595AJH6Q, STM32U595QII6, STM32U595QII6Q, STM32U595QJI6, STM32U595QJI6Q, STM32U595RIT6, STM32U595RIT6Q, STM32U595RJT6, STM32U595RJT6Q, STM32U595VIT6, STM32U595VIT6Q, STM32U595VJT6, STM32U595VJT6Q, STM32U595ZIT6, STM32U595ZIT6Q, STM32U595ZIY6QTR, STM32U595ZJT6, STM32U595ZJT6Q, STM32U595ZJY6QTR, STM32U599BJY6QTR, STM32U599NIH6Q, STM32U599NJH6Q, STM32U599VIT6Q, STM32U599VJT6, STM32U599VJT6Q, STM32U599ZIT6Q, STM32U599ZIY6QTR, STM32U599ZJT6Q, STM32U599ZJY6QTR, STM32U5A5AJH6, STM32U5A5AJH6Q, STM32U5A5QII3Q , STM32U5A5QJI6, STM32U5A5QJI6Q, STM32U5A5RJT6, STM32U5A5RJT6Q, STM32U5A5VJT6, STM32U5A5VJT6Q, STM32U5A5ZJT6, STM32U5A5ZJT6Q, STM32U5A5ZJY6QTR, STM32U5A9BJY6QTR, STM32U5A9J-DK, STM32U5A9NJH6Q, STM32U5A9VJT6Q, STM32U5A9ZJT6Q, STM32U5A9ZJY6QTR, STM32U5F7VIT6, STM32U5F7VIT6Q, STM32U5F7VJT6, STM32U5F7VJT6Q, STM32U5F9BJY6QTR, STM32U5F9NJH6Q, STM32U5F9VIT6Q, STM32U5F9VJT6Q, STM32U5F9ZIJ6QTR, STM32U5F9ZIT6Q, STM32U5F9ZJJ6QTR, STM32U5F9ZJT6Q, STM32U5G7VJT6, STM32U5G7VJT6Q, STM32U5G9BJY6QTR, STM32U5G9J-DK1, STM32U5G9J-DK2, STM32U5G9NJH6Q, STM32U5G9VJT6Q, STM32U5G9ZJJ6QTR, STM32U5G9ZJT6Q, STM32WB1MMCH6, STM32WBA50KEU6, STM32WBA50KEU6TR, STM32WBA50KGU6, STM32WBA50KGU6TR, STM32WBA52CEU6, STM32WBA52CEU6TR, STM32WBA52CEU7, STM32WBA52CEU7TR, STM32WBA52CGU6, STM32WBA52CGU6TR, STM32WBA52CGU6U, STM32WBA52CGU7, STM32WBA52CGU7TR, STM32WBA52KEU6, STM32WBA52KEU6TR, STM32WBA52KGU6, STM32WBA52KGU6TR, STM32WBA54CEU6, STM32WBA54CEU6TR, STM32WBA54CEU7, STM32WBA54CEU7TR, STM32WBA54CGU6, STM32WBA54CGU6TR, STM32WBA54CGU7, STM32WBA54CGU7TR, STM32WBA54KEU6, STM32WBA54KEU6TR, STM32WBA54KEU7, STM32WBA54KEU7TR, STM32WBA54KGU6, STM32WBA54KGU6TR, STM32WBA54KGU7, STM32WBA54KGU7TR, STM32WBA55CEU6, STM32WBA55CEU6TR, STM32WBA55CEU7, STM32WBA55CEU7TR, STM32WBA55CGU6, STM32WBA55CGU6TR, STM32WBA55CGU6U, STM32WBA55CGU7, STM32WBA55CGU7TR, STM32WBA55G-DK1, STM32WBA55HEF6, STM32WBA55HEF7, STM32WBA55HGF6, STM32WBA55HGF7, STM32WBA55UEI6, STM32WBA55UEI6TR, STM32WBA55UEI7, STM32WBA55UEI7TR, STM32WBA55UGI6, STM32WBA55UGI6TR, STM32WBA55UGI7, STM32WBA55UGI7TR, STM32WL5MOCH6, STM32WL5MOCH6TR]
2024-04-20 10:33:03,087 [INFO] BoardInfo:889 - No configuration file found for board P-NUCLEO-WB55
2024-04-20 10:33:03,088 [INFO] DbBoards:161 - Kit is not supported: P-NUCLEO-WB55
2024-04-20 10:33:03,093 [INFO] BoardInfo:889 - No configuration file found for board STEVAL-BFA001V1B
2024-04-20 10:33:03,093 [INFO] DbBoards:161 - Kit is not supported: STEVAL-BFA001V1B
2024-04-20 10:33:03,094 [INFO] BoardInfo:889 - No configuration file found for board STEVAL-BFA001V2B
2024-04-20 10:33:03,095 [INFO] DbBoards:161 - Kit is not supported: STEVAL-BFA001V2B
2024-04-20 10:33:03,234 [INFO] DbBoards:168 - Found 199 boards, 196 are supported
2024-04-20 10:33:03,235 [INFO] DbBoards:169 - Found 199 boards, 8 of them is supported for  Bsp
2024-04-20 10:33:03,238 [INFO] ApiDb:668 - CubeFinder database Data Model version=2.1
2024-04-20 10:33:03,238 [INFO] ApiDb:669 - CubeFinder database Configuration version=3.0.39
2024-04-20 10:33:03,238 [INFO] ApiDb:670 - CubeFinder database generation date=2024-03-25 (1711369621)
2024-04-20 10:33:03,238 [INFO] ApiDb:671 - CubeFinder database FW Pack versions=[FP-ATR-ASTRA1_V2.0.0, FP-SNS-FLIGHT1_V5.0.1, FP-SNS-FLIGHT1_V5.0.2, FP-SNS-MOTENV1_V4.3.1, FP-SNS-MOTENV1_V4.3.2, FP-SNS-MOTENVWB1_V1.3.1, FP-SNS-SMARTAG2_V1.2.0, STM32Cube_FW_C0_V1.1.0, STM32Cube_FW_F4_V1.28.0, STM32Cube_FW_F7_V1.17.0, STM32Cube_FW_G0_V1.6.2, STM32Cube_FW_G4_V1.5.2, STM32Cube_FW_H5_V0.5.1, STM32Cube_FW_H5_V1.1.1, STM32Cube_FW_H5_V1.2.0, STM32Cube_FW_H5_V1.2.0RC4, STM32Cube_FW_H7RS_V1.0.0, STM32Cube_FW_H7RS_V1.0.0RC4, STM32Cube_FW_H7_V1.11.0, STM32Cube_FW_L0_V1.12.2, STM32Cube_FW_L5_V1.5.1, STM32Cube_FW_U0_V1.0.0, STM32Cube_FW_U0_V1.0.0RC1, STM32Cube_FW_U5_V1.3.0RC4, STM32Cube_FW_U5_V1.5.0, STM32Cube_FW_U5_V1.5.0RC1, STM32Cube_FW_WBA_V1.0.0RC1, STM32Cube_FW_WBA_V1.2.0, STM32Cube_FW_WBA_V1.2.0RC2, STM32Cube_FW_WBA_V1.3.0, STM32Cube_FW_WBA_V1.3.0RC1, STM32Cube_FW_WB_V1.15.0RC1, STM32Cube_FW_WB_V1.16.0, STM32Cube_FW_WB_V1.16.0RC2, STM32Cube_FW_WB_V1.18.0, STM32Cube_FW_WB_V1.19.0, STM32Cube_FW_WL_V1.3.0, X-CUBE-ALGOBUILD_V1.3.0, X-CUBE-ALS_V1.0.1, X-CUBE-AZRTOS-F4_V1.1.0, X-CUBE-AZRTOS-F7_V1.1.0, X-CUBE-AZRTOS-G0_V1.1.0, X-CUBE-AZRTOS-G4_V2.0.0, X-CUBE-AZRTOS-H7_V3.2.0, X-CUBE-AZRTOS-L4_V1.0.0, X-CUBE-AZRTOS-L4_V2.0.0, X-CUBE-AZRTOS-L5_V1.1.0, X-CUBE-AZRTOS-WB_V2.0.0, X-CUBE-AZRTOS-WL_V2.0.0, X-CUBE-BLE1_V7.0.0, X-CUBE-BLE2_V3.3.0, X-CUBE-BLEMGR_V3.1.0, X-CUBE-EEPRMA1_V4.1.0, X-CUBE-EEPRMA1_V5.1.0, X-CUBE-FREERTOS_V1.1.0, X-CUBE-GNSS1_V6.0.0, X-CUBE-MEMS1_V10.0.0, X-CUBE-MEMS1_V9.1.0, X-CUBE-MEMS1_V9.4.0, X-CUBE-MEMS1_V9.6.0, X-CUBE-NFC4_V3.0.0, X-CUBE-NFC7_V1.0.1, X-CUBE-SFXS2LP1_V4.0.0, X-CUBE-SUBG2_V5.0.0, X-CUBE-TOF1_V3.4.0]
2024-04-20 10:33:05,096 [INFO] ApiDb:240 - Found 483 in-development CPN: [B-G473E-ZEST1S, B-WB1M-WPAN1, B-WL5M-SUBG1, NUCLEO-C031C6, NUCLEO-H503RB, NUCLEO-H533RE, NUCLEO-H563ZI, NUCLEO-H7S3L8, NUCLEO-U031R8, NUCLEO-U083RC, NUCLEO-U545RE-Q, NUCLEO-U5A5ZJ-Q, NUCLEO-WBA52CG, NUCLEO-WBA55CG, STEVAL-PROTEUS1, STEVAL-SMARTAG2, STEVAL-STWINBX1, STM320518-EVAL, STM32C0116-DK, STM32C011D6Y3TR, STM32C011D6Y6TR, STM32C011F4P3, STM32C011F4P6, STM32C011F4U3, STM32C011F4U6TR, STM32C011F6P3, STM32C011F6P6, STM32C011F6U3, STM32C011F6U6TR, STM32C011J4M3, STM32C011J4M6, STM32C011J6M3, STM32C011J6M6, STM32C0316-DK, STM32C031C4T3, STM32C031C4T6, STM32C031C4U3, STM32C031C4U6, STM32C031C6T3, STM32C031C6T6, STM32C031C6U3, STM32C031C6U6, STM32C031F4P3, STM32C031F4P6, STM32C031F6P3, STM32C031F6P6, STM32C031G4U3, STM32C031G4U6, STM32C031G6U3, STM32C031G6U6, STM32C031K4T3, STM32C031K4T6, STM32C031K4U3, STM32C031K4U6, STM32C031K6T3, STM32C031K6T6, STM32C031K6U3, STM32C031K6U6, STM32G071K8TXN, STM32G071K8UXN, STM32G081GBU6N, STM32G081KBT6N, STM32G081KBUXN, STM32G0B1CCT6N, STM32G0B1KCT6, STM32G0B1NEY6TR, STM32G0B1RCT6N, STM32G0C1CCT6, STM32G0C1CCT6N, STM32G0C1CCU6N, STM32G0C1CET6N, STM32G0C1CEU6N, STM32G0C1KCT6, STM32G0C1NEY6TR, STM32G0C1RCI6N, STM32G0C1RCT6N, STM32G0C1REI6N, STM32G0C1RET6N, STM32G0C1VCI6, STM32G0C1VEI6, STM32G471CCT6, STM32G471CCU6, STM32G471CET3, STM32G471CET6, STM32G471CEU3, STM32G471CEU6, STM32G471MCT6, STM32G471MET3, STM32G471MET6, STM32G471MEY6TR, STM32G471QCT6, STM32G471QET3, STM32G471RCT6, STM32G471RET3, STM32G471RET6, STM32G471VCH6, STM32G471VCI6, STM32G471VCT6, STM32G471VEH3, STM32G471VEH6, STM32G471VEI3, STM32G471VEI6, STM32G471VET3, STM32G471VET6, STM32G474CCT6, STM32H503CBT6, STM32H503CBU6, STM32H503EBY6TR, STM32H503KBU6, STM32H503RBT6, STM32H523CCT6, STM32H523CCU6, STM32H523CET6, STM32H523CEU6, STM32H523HEY6TR, STM32H523RCT6, STM32H523RET6, STM32H523VCI6, STM32H523VCT6, STM32H523VEI6, STM32H523VET6, STM32H523ZCJ6, STM32H523ZCT6, STM32H523ZEJ6, STM32H523ZET6, STM32H533CET6, STM32H533CEU6, STM32H533HEY6TR, STM32H533RET6, STM32H533VEI6, STM32H533VET6, STM32H533ZEJ6, STM32H533ZET6, STM32H562AGI6, STM32H562AII6, STM32H562IGK6, STM32H562IGT6, STM32H562IIK6, STM32H562IIT6, STM32H562RGT6, STM32H562RGV6, STM32H562RIT6, STM32H562RIV6, STM32H562VGT6, STM32H562VIT6, STM32H562ZGT6, STM32H562ZIT6, STM32H563AGI6, STM32H563AII3Q, STM32H563AII6, STM32H563IGK6, STM32H563IGT6, STM32H563IIK3Q, STM32H563IIK6, STM32H563IIT3Q, STM32H563IIT6, STM32H563MIY3QTR, STM32H563RGT6, STM32H563RGV6, STM32H563RIT6, STM32H563RIV6, STM32H563VGT6, STM32H563VIT3Q, STM32H563VIT6, STM32H563ZGT6, STM32H563ZIT3Q, STM32H563ZIT6, STM32H573AII3Q, STM32H573AII6, STM32H573I-DK, STM32H573IIK3Q, STM32H573IIK6, STM32H573IIT3Q, STM32H573IIT6, STM32H573MIY3QTR, STM32H573RIT6, STM32H573RIV6, STM32H573VIT3Q, STM32H573VIT6, STM32H573ZIT3Q, STM32H573ZIT6, STM32H7R3A8I6, STM32H7R3I8K6, STM32H7R3I8T6, STM32H7R3L8H6, STM32H7R3L8H6H, STM32H7R3R8V6, STM32H7R3V8H6, STM32H7R3V8T6, STM32H7R3V8Y6, STM32H7R3Z8J6, STM32H7R3Z8T6, STM32H7R7A8I6, STM32H7R7I8K6, STM32H7R7I8T6, STM32H7R7L8H6, STM32H7R7L8H6H, STM32H7R7Z8J6, STM32H7S3A8I6, STM32H7S3I8K6, STM32H7S3I8T6, STM32H7S3L8H6, STM32H7S3L8H6H, STM32H7S3R8V6, STM32H7S3V8H6, STM32H7S3V8T6, STM32H7S3V8Y6, STM32H7S3Z8J6, STM32H7S3Z8T6, STM32H7S78-DK, STM32H7S7A8I6, STM32H7S7I8K6, STM32H7S7I8T6, STM32H7S7L8H6, STM32H7S7L8H6H, STM32H7S7Z8J6, STM32L4R5QGI6STR, STM32MP131AAE3, STM32MP131AAF3, STM32MP131AAG3, STM32MP131CAE3, STM32MP131CAF3, STM32MP131CAG3, STM32MP131DAE7, STM32MP131DAF7, STM32MP131DAG7, STM32MP131FAE7, STM32MP131FAF7, STM32MP131FAG7, STM32MP133AAE3, STM32MP133AAF3, STM32MP133AAG3, STM32MP133CAE3, STM32MP133CAF3, STM32MP133CAG3, STM32MP133DAE7, STM32MP133DAF7, STM32MP133DAG7, STM32MP133FAE7, STM32MP133FAF7, STM32MP133FAG7, STM32MP135AAE3, STM32MP135AAF3, STM32MP135AAG3, STM32MP135CAE3, STM32MP135CAF3, STM32MP135CAG3, STM32MP135DAE7, STM32MP135DAF7, STM32MP135DAG7, STM32MP135F-DK, STM32MP135FAE7, STM32MP135FAF7, STM32MP135FAF7T, STM32MP135FAF7U, STM32MP135FAG7, STM32U031C6T6, STM32U031C6U6, STM32U031C8T6, STM32U031C8U6, STM32U031F4P6, STM32U031F6P6, STM32U031F8P6, STM32U031G6Y6TR, STM32U031G8Y6TR, STM32U031K4U6, STM32U031K6U6, STM32U031K8U6, STM32U031R6I6, STM32U031R6T6, STM32U031R8I6, STM32U031R8T6, STM32U073C8T6, STM32U073C8U6, STM32U073CBT6, STM32U073CBU6, STM32U073CCT6, STM32U073CCU6, STM32U073H8Y6TR, STM32U073HBY6TR, STM32U073HCY6TR, STM32U073K8U6, STM32U073KBU6, STM32U073KCU6, STM32U073M8I6, STM32U073M8T6, STM32U073MBI6, STM32U073MBT6, STM32U073MCI6, STM32U073MCT6, STM32U073R8I6, STM32U073R8T6, STM32U073RBI6, STM32U073RBT6, STM32U073RCI6, STM32U073RCT6, STM32U083C-DK, STM32U083CCT6, STM32U083CCU6, STM32U083HCY6TR, STM32U083KCU6, STM32U083MCI6, STM32U083MCT6, STM32U083RCI6, STM32U083RCT6, STM32U535CBT6, STM32U535CBT6Q, STM32U535CBU6, STM32U535CBU6Q, STM32U535CCT6, STM32U535CCT6Q, STM32U535CCU6, STM32U535CCU6Q, STM32U535CET6, STM32U535CET6Q, STM32U535CEU6, STM32U535CEU6Q, STM32U535JEY6QTR, STM32U535NCY6QTR, STM32U535NEY6QTR, STM32U535RBI6, STM32U535RBI6Q, STM32U535RBT6, STM32U535RBT6Q, STM32U535RCI6, STM32U535RCI6Q, STM32U535RCT6, STM32U535RCT6Q, STM32U535REI6, STM32U535REI6Q, STM32U535RET6, STM32U535RET6Q, STM32U535VCI6, STM32U535VCI6Q, STM32U535VCT6, STM32U535VCT6Q, STM32U535VEI6, STM32U535VEI6Q, STM32U535VET6, STM32U535VET6Q, STM32U545CET6, STM32U545CET6Q, STM32U545CEU6, STM32U545CEU6Q, STM32U545JEY6QTR, STM32U545NEY6QTR, STM32U545REI6, STM32U545REI6Q, STM32U545RET6, STM32U545RET6Q, STM32U545VEI6, STM32U545VEI6Q, STM32U545VET6, STM32U545VET6Q, STM32U595AIH6, STM32U595AIH6Q, STM32U595AJH6, STM32U595AJH6Q, STM32U595QII6, STM32U595QII6Q, STM32U595QJI6, STM32U595QJI6Q, STM32U595RIT6, STM32U595RIT6Q, STM32U595RJT6, STM32U595RJT6Q, STM32U595VIT6, STM32U595VIT6Q, STM32U595VJT6, STM32U595VJT6Q, STM32U595ZIT6, STM32U595ZIT6Q, STM32U595ZIY6QTR, STM32U595ZJT6, STM32U595ZJT6Q, STM32U595ZJY6QTR, STM32U599BJY6QTR, STM32U599NIH6Q, STM32U599NJH6Q, STM32U599VIT6Q, STM32U599VJT6, STM32U599VJT6Q, STM32U599ZIT6Q, STM32U599ZIY6QTR, STM32U599ZJT6Q, STM32U599ZJY6QTR, STM32U5A5AJH6, STM32U5A5AJH6Q, STM32U5A5QII3Q , STM32U5A5QJI6, STM32U5A5QJI6Q, STM32U5A5RJT6, STM32U5A5RJT6Q, STM32U5A5VJT6, STM32U5A5VJT6Q, STM32U5A5ZJT6, STM32U5A5ZJT6Q, STM32U5A5ZJY6QTR, STM32U5A9BJY6QTR, STM32U5A9J-DK, STM32U5A9NJH6Q, STM32U5A9VJT6Q, STM32U5A9ZJT6Q, STM32U5A9ZJY6QTR, STM32U5F7VIT6, STM32U5F7VIT6Q, STM32U5F7VJT6, STM32U5F7VJT6Q, STM32U5F9BJY6QTR, STM32U5F9NJH6Q, STM32U5F9VIT6Q, STM32U5F9VJT6Q, STM32U5F9ZIJ6QTR, STM32U5F9ZIT6Q, STM32U5F9ZJJ6QTR, STM32U5F9ZJT6Q, STM32U5G7VJT6, STM32U5G7VJT6Q, STM32U5G9BJY6QTR, STM32U5G9J-DK1, STM32U5G9J-DK2, STM32U5G9NJH6Q, STM32U5G9VJT6Q, STM32U5G9ZJJ6QTR, STM32U5G9ZJT6Q, STM32WB1MMCH6, STM32WBA50KEU6, STM32WBA50KEU6TR, STM32WBA50KGU6, STM32WBA50KGU6TR, STM32WBA52CEU6, STM32WBA52CEU6TR, STM32WBA52CEU7, STM32WBA52CEU7TR, STM32WBA52CGU6, STM32WBA52CGU6TR, STM32WBA52CGU6U, STM32WBA52CGU7, STM32WBA52CGU7TR, STM32WBA52KEU6, STM32WBA52KEU6TR, STM32WBA52KGU6, STM32WBA52KGU6TR, STM32WBA54CEU6, STM32WBA54CEU6TR, STM32WBA54CEU7, STM32WBA54CEU7TR, STM32WBA54CGU6, STM32WBA54CGU6TR, STM32WBA54CGU7, STM32WBA54CGU7TR, STM32WBA54KEU6, STM32WBA54KEU6TR, STM32WBA54KEU7, STM32WBA54KEU7TR, STM32WBA54KGU6, STM32WBA54KGU6TR, STM32WBA54KGU7, STM32WBA54KGU7TR, STM32WBA55CEU6, STM32WBA55CEU6TR, STM32WBA55CEU7, STM32WBA55CEU7TR, STM32WBA55CGU6, STM32WBA55CGU6TR, STM32WBA55CGU6U, STM32WBA55CGU7, STM32WBA55CGU7TR, STM32WBA55G-DK1, STM32WBA55HEF6, STM32WBA55HEF7, STM32WBA55HGF6, STM32WBA55HGF7, STM32WBA55UEI6, STM32WBA55UEI6TR, STM32WBA55UEI7, STM32WBA55UEI7TR, STM32WBA55UGI6, STM32WBA55UGI6TR, STM32WBA55UGI7, STM32WBA55UGI7TR, STM32WL5MOCH6, STM32WL5MOCH6TR]
2024-04-20 10:33:05,101 [INFO] DbMcus:218 - Found 4094 MCUs, 4094 are supported
2024-04-20 10:33:05,106 [INFO] ApiDb:423 - Load user favorites file C:\Users\bnarb/.stm32cubeide/favorites.mcus.txt: 1 item(s)
2024-04-20 10:33:05,106 [INFO] ApiDb:427 - User favorites MCUs=[STM32F103C8T6]
2024-04-20 10:33:05,106 [INFO] DbMcus:224 - Set 1 / 1 favorites MCUs
2024-04-20 10:33:05,333 [INFO] ApiDb:414 - User favorites file not found: C:\Users\bnarb/.stm32cubeide/favorites.boards.txt
2024-04-20 10:33:05,333 [INFO] DbBoards:198 - Set 0 / 0 favorites Boards
2024-04-20 10:33:05,385 [INFO] UtilMem:75 - End LoadConfig() Used Memory: 241217344 Bytes (300941312)
2024-04-20 10:33:05,533 [WARN] ThirdParty:833 - waiting for thirdparty lock release [change project]
2024-04-20 10:33:05,533 [INFO] ThirdParty:835 - entering critical section [change project]
2024-04-20 10:33:05,534 [INFO] ThirdParty:1030 - CMSIS Pack Vendor :STMicroelectronics USBPD 4.1
2024-04-20 10:33:05,534 [INFO] ThirdParty:1030 - CMSIS Pack Vendor :STMicroelectronics X-CUBE-GNSS1 6.0.0
2024-04-20 10:33:05,534 [INFO] ThirdParty:1030 - CMSIS Pack Vendor :STMicroelectronics USB_HOST 2.0.0
2024-04-20 10:33:05,534 [INFO] ThirdParty:1030 - CMSIS Pack Vendor :STMicroelectronics X-CUBE-AZRTOS-F4 1.1.0
2024-04-20 10:33:05,534 [INFO] ThirdParty:1030 - CMSIS Pack Vendor :STMicroelectronics LIBJPEG 8.0.0
2024-04-20 10:33:05,534 [INFO] ThirdParty:1030 - CMSIS Pack Vendor :STMicroelectronics X-CUBE-SMBUS 2.1.0
2024-04-20 10:33:05,534 [INFO] ThirdParty:1030 - CMSIS Pack Vendor :STMicroelectronics USB_DEVICE 3.0.0
2024-04-20 10:33:05,534 [INFO] ThirdParty:1030 - CMSIS Pack Vendor :STMicroelectronics X-CUBE-AZRTOS-WB 2.0.0
2024-04-20 10:33:05,534 [INFO] ThirdParty:1030 - CMSIS Pack Vendor :STMicroelectronics X-CUBE-AZRTOS-F7 1.1.0
2024-04-20 10:33:05,534 [INFO] ThirdParty:1030 - CMSIS Pack Vendor :STMicroelectronics X-CUBE-AZRTOS-L5 2.0.0
2024-04-20 10:33:05,534 [INFO] ThirdParty:1030 - CMSIS Pack Vendor :STMicroelectronics USB_DEVICE 2.0.0
2024-04-20 10:33:05,534 [INFO] ThirdParty:1030 - CMSIS Pack Vendor :STMicroelectronics X-CUBE-ALGOBUILD 1.3.0
2024-04-20 10:33:05,534 [INFO] ThirdParty:1030 - CMSIS Pack Vendor :STMicroelectronics FreeRTOS 0.0.1
2024-04-20 10:33:05,534 [INFO] ThirdParty:1030 - CMSIS Pack Vendor :STMicroelectronics X-CUBE-AZRTOS-G0 1.1.0
2024-04-20 10:33:05,534 [INFO] ThirdParty:1030 - CMSIS Pack Vendor :STMicroelectronics X-CUBE-NFC4 3.0.0
2024-04-20 10:33:05,534 [INFO] ThirdParty:1030 - CMSIS Pack Vendor :STMicroelectronics X-CUBE-SUBG2 5.0.0
2024-04-20 10:33:05,534 [INFO] ThirdParty:1030 - CMSIS Pack Vendor :STMicroelectronics STM32_WPAN 1.0.0
2024-04-20 10:33:05,534 [INFO] ThirdParty:1030 - CMSIS Pack Vendor :STMicroelectronics lwIP 2.0.3
2024-04-20 10:33:05,534 [INFO] ThirdParty:1030 - CMSIS Pack Vendor :STMicroelectronics FP-SNS-FLIGHT1 5.0.2
2024-04-20 10:33:05,534 [INFO] ThirdParty:1030 - CMSIS Pack Vendor :STMicroelectronics USB_HOST 1.0.0
2024-04-20 10:33:05,534 [INFO] ThirdParty:1030 - CMSIS Pack Vendor :STMicroelectronics X-CUBE-AZRTOS-G4 2.0.0
2024-04-20 10:33:05,535 [INFO] ThirdParty:1030 - CMSIS Pack Vendor :STMicroelectronics PDM2PCM 3.1.0
2024-04-20 10:33:05,535 [INFO] ThirdParty:1030 - CMSIS Pack Vendor :STMicroelectronics PDM2PCM 3.3.0
2024-04-20 10:33:05,535 [INFO] ThirdParty:1030 - CMSIS Pack Vendor :STMicroelectronics X-CUBE-DISPLAY 3.0.0
2024-04-20 10:33:05,535 [INFO] ThirdParty:1030 - CMSIS Pack Vendor :STMicroelectronics X-CUBE-BLE1 7.0.0
2024-04-20 10:33:05,535 [INFO] ThirdParty:1030 - CMSIS Pack Vendor :STMicroelectronics FP-ATR-SIGFOX1 3.2.0
2024-04-20 10:33:05,535 [INFO] ThirdParty:1030 - CMSIS Pack Vendor :STMicroelectronics X-CUBE-ISPU 2.0.0
2024-04-20 10:33:05,535 [INFO] ThirdParty:1030 - CMSIS Pack Vendor :STMicroelectronics X-CUBE-EEPRMA1 5.1.0
2024-04-20 10:33:05,535 [INFO] ThirdParty:1030 - CMSIS Pack Vendor :STMicroelectronics HAL Drivers 0.0.0
2024-04-20 10:33:05,535 [INFO] ThirdParty:1030 - CMSIS Pack Vendor :STMicroelectronics MBEDTLS 2.16.2
2024-04-20 10:33:05,535 [INFO] ThirdParty:1030 - CMSIS Pack Vendor :STMicroelectronics X-CUBE-MEMS1 10.0.0
2024-04-20 10:33:05,535 [INFO] ThirdParty:1030 - CMSIS Pack Vendor :STMicroelectronics X-CUBE-FREERTOS 1.1.0
2024-04-20 10:33:05,535 [INFO] ThirdParty:1030 - CMSIS Pack Vendor :STMicroelectronics X-CUBE-NFC7 1.0.1
2024-04-20 10:33:05,535 [INFO] ThirdParty:1030 - CMSIS Pack Vendor :STMicroelectronics MBEDTLS 2.14.1
2024-04-20 10:33:05,535 [INFO] ThirdParty:1030 - CMSIS Pack Vendor :portGmbH I-Cube-SoM-uGOAL 1.1.0
2024-04-20 10:33:05,535 [INFO] ThirdParty:1030 - CMSIS Pack Vendor :STMicroelectronics X-CUBE-ALS 1.0.1
2024-04-20 10:33:05,535 [INFO] ThirdParty:1030 - CMSIS Pack Vendor :STMicroelectronics X-CUBE-BLEMGR 3.1.0
2024-04-20 10:33:05,535 [INFO] ThirdParty:1030 - CMSIS Pack Vendor :STMicroelectronics ThreadX 1.0.0
2024-04-20 10:33:05,535 [INFO] ThirdParty:1030 - CMSIS Pack Vendor :STMicroelectronics FP-SNS-SMARTAG2 1.2.0
2024-04-20 10:33:05,535 [INFO] ThirdParty:1030 - CMSIS Pack Vendor :STMicroelectronics X-CUBE-AZRTOS-WL 2.0.0
2024-04-20 10:33:05,535 [INFO] ThirdParty:1030 - CMSIS Pack Vendor :SEGGER I-CUBE-embOS 1.3.1
2024-04-20 10:33:05,536 [INFO] ThirdParty:1030 - CMSIS Pack Vendor :STMicroelectronics USB_DEVICE 1.0.0
2024-04-20 10:33:05,536 [INFO] ThirdParty:1030 - CMSIS Pack Vendor :STMicroelectronics X-CUBE-AZRTOS-L4 2.0.0
2024-04-20 10:33:05,536 [INFO] ThirdParty:1030 - CMSIS Pack Vendor :STMicroelectronics ThreadX 0.0.2
2024-04-20 10:33:05,536 [INFO] ThirdParty:1030 - CMSIS Pack Vendor :WES I-CUBE-Cesium 1.3.0
2024-04-20 10:33:05,536 [INFO] ThirdParty:1030 - CMSIS Pack Vendor :STMicroelectronics FP-ATR-ASTRA1 2.0.0
2024-04-20 10:33:05,536 [INFO] ThirdParty:1030 - CMSIS Pack Vendor :STMicroelectronics lwIP 2.1.2
2024-04-20 10:33:05,536 [INFO] ThirdParty:1030 - CMSIS Pack Vendor :STMicroelectronics X-CUBE-SFXS2LP1 4.0.0
2024-04-20 10:33:05,536 [INFO] ThirdParty:1030 - CMSIS Pack Vendor :STMicroelectronics X-CUBE-BLE2 3.3.0
2024-04-20 10:33:05,536 [INFO] ThirdParty:1030 - CMSIS Pack Vendor :STMicroelectronics X-CUBE-TOF1 3.4.1
2024-04-20 10:33:05,536 [INFO] ThirdParty:1030 - CMSIS Pack Vendor :STMicroelectronics X-CUBE-AZRTOS-H7 3.2.0
2024-04-20 10:33:05,536 [INFO] ThirdParty:1030 - CMSIS Pack Vendor :STMicroelectronics PDM2PCM 3.2.0
2024-04-20 10:33:05,536 [INFO] ThirdParty:841 - exiting critical section [change project]
2024-04-20 10:33:05,777 [INFO] PinOutPanel:1561 - setPackage(No Configuration,No Configuration)
2024-04-20 10:33:05,778 [INFO] PinOutPanel:1561 - setPackage(STM32F103C8Tx,LQFP48)
2024-04-20 10:33:06,160 [INFO] UtilMem:75 - Before build in PCC Used Memory: 202179608 Bytes (300941312)
2024-04-20 10:33:06,829 [INFO] UtilMem:75 - After build in PCC Used Memory: 202418968 Bytes (318767104)
2024-04-20 10:33:06,920 [INFO] ApiDbMcu:508 - Load IP Config File for USB_DEVICE
2024-04-20 10:33:06,940 [INFO] IPUIPlugin:80 - create IPUIPlugin
2024-04-20 10:33:06,940 [INFO] IPUIPlugin:80 - create IPUIPlugin
2024-04-20 10:33:06,940 [INFO] IPUIPlugin:80 - create IPUIPlugin
2024-04-20 10:33:06,941 [INFO] IPUIPlugin:80 - create IPUIPlugin
2024-04-20 10:33:06,941 [INFO] IPUIPlugin:80 - create IPUIPlugin
2024-04-20 10:33:06,941 [INFO] IPUIPlugin:80 - create IPUIPlugin
2024-04-20 10:33:06,941 [INFO] IPUIPlugin:80 - create IPUIPlugin
2024-04-20 10:33:06,941 [INFO] IPUIPlugin:80 - create IPUIPlugin
2024-04-20 10:33:06,941 [INFO] IPUIPlugin:80 - create IPUIPlugin
2024-04-20 10:33:06,941 [INFO] IPUIPlugin:80 - create IPUIPlugin
2024-04-20 10:33:06,942 [INFO] IPUIPlugin:80 - create IPUIPlugin
2024-04-20 10:33:06,942 [INFO] IPUIPlugin:80 - create IPUIPlugin
2024-04-20 10:33:06,942 [INFO] IPUIPlugin:80 - create IPUIPlugin
2024-04-20 10:33:06,942 [INFO] IPUIPlugin:80 - create IPUIPlugin
2024-04-20 10:33:06,942 [INFO] IPUIPlugin:80 - create IPUIPlugin
2024-04-20 10:33:06,943 [INFO] IPUIPlugin:80 - create IPUIPlugin
2024-04-20 10:33:06,943 [INFO] IPUIPlugin:80 - create IPUIPlugin
2024-04-20 10:33:06,943 [INFO] IPUIPlugin:80 - create IPUIPlugin
2024-04-20 10:33:06,943 [INFO] IPUIPlugin:80 - create IPUIPlugin
2024-04-20 10:33:06,943 [INFO] IPUIPlugin:80 - create IPUIPlugin
2024-04-20 10:33:06,943 [INFO] IPUIPlugin:80 - create IPUIPlugin
2024-04-20 10:33:06,944 [INFO] IPUIPlugin:80 - create IPUIPlugin
2024-04-20 10:33:06,944 [INFO] IPUIPlugin:80 - create IPUIPlugin
2024-04-20 10:33:06,944 [INFO] IPUIPlugin:80 - create IPUIPlugin
2024-04-20 10:33:06,944 [INFO] IPUIPlugin:80 - create IPUIPlugin
2024-04-20 10:33:06,944 [INFO] IPUIPlugin:80 - create IPUIPlugin
2024-04-20 10:33:06,945 [INFO] IPUIPlugin:80 - create IPUIPlugin
2024-04-20 10:33:07,102 [INFO] CADModel:165 - CPN selected for project levelSTM32F103C8T6
2024-04-20 10:33:07,103 [INFO] CADModel:114 - Register for checkConnection events
2024-04-20 10:33:07,149 [INFO] OpenFileManager:343 - Restore cursor
2024-04-20 10:35:53,258 [INFO] NvicIntPanel:101 - NVIC parent = com.st.microxplorer.plugins.ip.nvic.MultiNvicIntPanel[,0,0,0x0,invalid,layout=javax.swing.BoxLayout,alignmentX=0.0,alignmentY=0.0,border=,flags=9,maximumSize=,minimumSize=,preferredSize=]
2024-04-20 10:35:54,142 [INFO] NvicIntPanel:101 - NVIC parent = com.st.microxplorer.plugins.ip.nvic.MultiNvicIntPanel[,0,0,0x0,invalid,layout=javax.swing.BoxLayout,alignmentX=0.0,alignmentY=0.0,border=,flags=9,maximumSize=,minimumSize=,preferredSize=]
2024-04-20 10:42:03,558 [INFO] NvicIntPanel:101 - NVIC parent = com.st.microxplorer.plugins.ip.nvic.MultiNvicIntPanel[,0,0,797x514,layout=javax.swing.BoxLayout,alignmentX=0.0,alignmentY=0.0,border=,flags=9,maximumSize=,minimumSize=,preferredSize=]
2024-04-20 10:42:27,848 [INFO] NvicIntPanel:101 - NVIC parent = com.st.microxplorer.plugins.ip.nvic.MultiNvicIntPanel[,0,0,0x0,invalid,layout=javax.swing.BoxLayout,alignmentX=0.0,alignmentY=0.0,border=,flags=9,maximumSize=,minimumSize=,preferredSize=]
2024-04-20 10:42:27,901 [INFO] NvicIntPanel:101 - NVIC parent = com.st.microxplorer.plugins.ip.nvic.MultiNvicIntPanel[,0,0,0x0,invalid,layout=javax.swing.BoxLayout,alignmentX=0.0,alignmentY=0.0,border=,flags=9,maximumSize=,minimumSize=,preferredSize=]
2024-04-20 10:42:29,321 [INFO] NvicIntPanel:101 - NVIC parent = com.st.microxplorer.plugins.ip.nvic.MultiNvicIntPanel[,0,0,0x0,invalid,layout=javax.swing.BoxLayout,alignmentX=0.0,alignmentY=0.0,border=,flags=9,maximumSize=,minimumSize=,preferredSize=]
2024-04-20 10:42:29,371 [INFO] NvicIntPanel:101 - NVIC parent = com.st.microxplorer.plugins.ip.nvic.MultiNvicIntPanel[,0,0,0x0,invalid,layout=javax.swing.BoxLayout,alignmentX=0.0,alignmentY=0.0,border=,flags=9,maximumSize=,minimumSize=,preferredSize=]
2024-04-20 10:47:02,335 [INFO] UtilMem:75 - End SaveConfig() Used Memory: 308772848 Bytes (1073741824)
2024-04-20 10:47:02,402 [INFO] UtilMem:75 - End SaveConfig() Used Memory: 321539808 Bytes (1073741824)
2024-04-20 10:47:02,982 [INFO] UtilMem:75 - End SaveConfig() Used Memory: 388648672 Bytes (1073741824)
2024-04-20 10:47:03,400 [INFO] BlockDiagram:2759 - set Specific Code input for plugin: SPI
2024-04-20 10:47:03,400 [INFO] BlockDiagram:2759 - set Specific Code input for plugin: NVIC
2024-04-20 10:47:03,401 [INFO] BlockDiagram:2759 - set Specific Code input for plugin: USB_DEVICE
2024-04-20 10:47:03,401 [INFO] BlockDiagram:2759 - set Specific Code input for plugin: USB
2024-04-20 10:47:03,401 [INFO] BlockDiagram:2759 - set Specific Code input for plugin: SYS
2024-04-20 10:47:03,401 [INFO] BlockDiagram:2759 - set Specific Code input for plugin: GPIO
2024-04-20 10:47:03,401 [INFO] BlockDiagram:2759 - set Specific Code input for plugin: RCC
2024-04-20 10:47:03,402 [INFO] CodeGenerator:807 - code generatio: config db path: C:\ST\STM32CubeIDE_1.15.0\STM32CubeIDE\plugins\com.st.stm32cube.common.mx_6.11.0.202403141607\\db\
2024-04-20 10:47:03,651 [INFO] CodeEngine:255 - oldGeneratedFile, C:\Users\bnarb\STM32CubeIDE\workspace_1.15.0\BNO085_driver\MXTmpFiles\license.tmp_save
2024-04-20 10:47:03,950 [INFO] CodeEngine:279 - Generated code: C:\Users\bnarb\STM32CubeIDE\workspace_1.15.0\BNO085_driver\MXTmpFiles\license.tmp
2024-04-20 10:47:04,043 [INFO] CodeEngine:255 - oldGeneratedFile, C:\Users\bnarb\STM32CubeIDE\workspace_1.15.0\BNO085_driver\Core\Src\gpio.c_save
2024-04-20 10:47:04,178 [INFO] CodeEngine:279 - Generated code: C:\Users\bnarb\STM32CubeIDE\workspace_1.15.0\BNO085_driver\Core\Src\gpio.c
2024-04-20 10:47:04,201 [INFO] CodeEngine:255 - oldGeneratedFile, C:\Users\bnarb\STM32CubeIDE\workspace_1.15.0\BNO085_driver\Core\Inc\gpio.h_save
2024-04-20 10:47:04,293 [INFO] CodeEngine:279 - Generated code: C:\Users\bnarb\STM32CubeIDE\workspace_1.15.0\BNO085_driver\Core\Inc\gpio.h
2024-04-20 10:47:04,411 [INFO] CodeEngine:255 - oldGeneratedFile, C:\Users\bnarb\STM32CubeIDE\workspace_1.15.0\BNO085_driver\MXTmpFiles\usb_vars.tmp_save
2024-04-20 10:47:04,502 [INFO] CodeEngine:279 - Generated code: C:\Users\bnarb\STM32CubeIDE\workspace_1.15.0\BNO085_driver\MXTmpFiles\usb_vars.tmp
2024-04-20 10:47:04,510 [INFO] CodeEngine:255 - oldGeneratedFile, C:\Users\bnarb\STM32CubeIDE\workspace_1.15.0\BNO085_driver\MXTmpFiles\usb_inc.tmp_save
2024-04-20 10:47:04,584 [INFO] CodeEngine:279 - Generated code: C:\Users\bnarb\STM32CubeIDE\workspace_1.15.0\BNO085_driver\MXTmpFiles\usb_inc.tmp
2024-04-20 10:47:04,601 [INFO] CodeEngine:255 - oldGeneratedFile, C:\Users\bnarb\STM32CubeIDE\workspace_1.15.0\BNO085_driver\MXTmpFiles\usb_HalInit.tmp_save
2024-04-20 10:47:04,708 [INFO] CodeEngine:279 - Generated code: C:\Users\bnarb\STM32CubeIDE\workspace_1.15.0\BNO085_driver\MXTmpFiles\usb_HalInit.tmp
2024-04-20 10:47:04,719 [INFO] CodeEngine:255 - oldGeneratedFile, C:\Users\bnarb\STM32CubeIDE\workspace_1.15.0\BNO085_driver\MXTmpFiles\usb_Msp.tmp_save
2024-04-20 10:47:04,816 [INFO] CodeEngine:279 - Generated code: C:\Users\bnarb\STM32CubeIDE\workspace_1.15.0\BNO085_driver\MXTmpFiles\usb_Msp.tmp
2024-04-20 10:47:04,964 [INFO] Middleware:1439 - No code input for Bsp Dependency
2024-04-20 10:47:04,992 [INFO] CodeEngine:255 - oldGeneratedFile, C:\Users\bnarb\STM32CubeIDE\workspace_1.15.0\BNO085_driver\Core\Src\spi.c_save
2024-04-20 10:47:05,124 [INFO] CodeEngine:279 - Generated code: C:\Users\bnarb\STM32CubeIDE\workspace_1.15.0\BNO085_driver\Core\Src\spi.c
2024-04-20 10:47:05,142 [INFO] CodeEngine:255 - oldGeneratedFile, C:\Users\bnarb\STM32CubeIDE\workspace_1.15.0\BNO085_driver\Core\Inc\spi.h_save
2024-04-20 10:47:05,225 [INFO] CodeEngine:279 - Generated code: C:\Users\bnarb\STM32CubeIDE\workspace_1.15.0\BNO085_driver\Core\Inc\spi.h
2024-04-20 10:47:05,232 [INFO] Middleware:1439 - No code input for Bsp Dependency
2024-04-20 10:47:05,255 [INFO] CodeEngine:255 - oldGeneratedFile, C:\Users\bnarb\STM32CubeIDE\workspace_1.15.0\BNO085_driver\USB_DEVICE\App\usb_device.c_save
2024-04-20 10:47:05,339 [INFO] CodeEngine:279 - Generated code: C:\Users\bnarb\STM32CubeIDE\workspace_1.15.0\BNO085_driver\USB_DEVICE\App\usb_device.c
2024-04-20 10:47:05,355 [INFO] CodeEngine:255 - oldGeneratedFile, C:\Users\bnarb\STM32CubeIDE\workspace_1.15.0\BNO085_driver\USB_DEVICE\App\usb_device.h_save
2024-04-20 10:47:05,426 [INFO] CodeEngine:279 - Generated code: C:\Users\bnarb\STM32CubeIDE\workspace_1.15.0\BNO085_driver\USB_DEVICE\App\usb_device.h
2024-04-20 10:47:05,443 [INFO] CodeEngine:255 - oldGeneratedFile, C:\Users\bnarb\STM32CubeIDE\workspace_1.15.0\BNO085_driver\USB_DEVICE\Target\usbd_conf.h_save
2024-04-20 10:47:05,522 [INFO] CodeEngine:279 - Generated code: C:\Users\bnarb\STM32CubeIDE\workspace_1.15.0\BNO085_driver\USB_DEVICE\Target\usbd_conf.h
2024-04-20 10:47:05,540 [INFO] CodeEngine:255 - oldGeneratedFile, C:\Users\bnarb\STM32CubeIDE\workspace_1.15.0\BNO085_driver\USB_DEVICE\Target\usbd_conf.c_save
2024-04-20 10:47:05,629 [INFO] CodeEngine:279 - Generated code: C:\Users\bnarb\STM32CubeIDE\workspace_1.15.0\BNO085_driver\USB_DEVICE\Target\usbd_conf.c
2024-04-20 10:47:05,647 [INFO] CodeEngine:255 - oldGeneratedFile, C:\Users\bnarb\STM32CubeIDE\workspace_1.15.0\BNO085_driver\USB_DEVICE\App\usbd_desc.h_save
2024-04-20 10:47:05,719 [INFO] CodeEngine:279 - Generated code: C:\Users\bnarb\STM32CubeIDE\workspace_1.15.0\BNO085_driver\USB_DEVICE\App\usbd_desc.h
2024-04-20 10:47:05,736 [INFO] CodeEngine:255 - oldGeneratedFile, C:\Users\bnarb\STM32CubeIDE\workspace_1.15.0\BNO085_driver\USB_DEVICE\App\usbd_desc.c_save
2024-04-20 10:47:05,820 [INFO] CodeEngine:279 - Generated code: C:\Users\bnarb\STM32CubeIDE\workspace_1.15.0\BNO085_driver\USB_DEVICE\App\usbd_desc.c
2024-04-20 10:47:05,837 [INFO] CodeEngine:255 - oldGeneratedFile, C:\Users\bnarb\STM32CubeIDE\workspace_1.15.0\BNO085_driver\USB_DEVICE\App\usbd_cdc_if.h_save
2024-04-20 10:47:05,907 [INFO] CodeEngine:279 - Generated code: C:\Users\bnarb\STM32CubeIDE\workspace_1.15.0\BNO085_driver\USB_DEVICE\App\usbd_cdc_if.h
2024-04-20 10:47:05,924 [INFO] CodeEngine:255 - oldGeneratedFile, C:\Users\bnarb\STM32CubeIDE\workspace_1.15.0\BNO085_driver\USB_DEVICE\App\usbd_cdc_if.c_save
2024-04-20 10:47:06,008 [INFO] CodeEngine:279 - Generated code: C:\Users\bnarb\STM32CubeIDE\workspace_1.15.0\BNO085_driver\USB_DEVICE\App\usbd_cdc_if.c
2024-04-20 10:47:06,031 [INFO] CodeEngine:255 - oldGeneratedFile, C:\Users\bnarb\STM32CubeIDE\workspace_1.15.0\BNO085_driver\Core\Src\stm32f1xx_it.c_save
2024-04-20 10:47:06,127 [INFO] CodeEngine:279 - Generated code: C:\Users\bnarb\STM32CubeIDE\workspace_1.15.0\BNO085_driver\Core\Src\stm32f1xx_it.c
2024-04-20 10:47:06,145 [INFO] CodeEngine:255 - oldGeneratedFile, C:\Users\bnarb\STM32CubeIDE\workspace_1.15.0\BNO085_driver\Core\Inc\stm32f1xx_it.h_save
2024-04-20 10:47:06,222 [INFO] CodeEngine:279 - Generated code: C:\Users\bnarb\STM32CubeIDE\workspace_1.15.0\BNO085_driver\Core\Inc\stm32f1xx_it.h
2024-04-20 10:47:06,249 [INFO] CodeEngine:255 - oldGeneratedFile, C:\Users\bnarb\STM32CubeIDE\workspace_1.15.0\BNO085_driver\Core\Src\stm32f1xx_hal_msp.c_save
2024-04-20 10:47:06,353 [INFO] CodeEngine:279 - Generated code: C:\Users\bnarb\STM32CubeIDE\workspace_1.15.0\BNO085_driver\Core\Src\stm32f1xx_hal_msp.c
2024-04-20 10:47:06,363 [INFO] CodeEngine:255 - oldGeneratedFile, C:\Users\bnarb\STM32CubeIDE\workspace_1.15.0\BNO085_driver\MXTmpFiles\system.tmp_save
2024-04-20 10:47:06,430 [INFO] CodeEngine:279 - Generated code: C:\Users\bnarb\STM32CubeIDE\workspace_1.15.0\BNO085_driver\MXTmpFiles\system.tmp
2024-04-20 10:47:06,439 [INFO] CodeEngine:255 - oldGeneratedFile, C:\Users\bnarb\STM32CubeIDE\workspace_1.15.0\BNO085_driver\Core\Inc\stm32_assert.h_save
2024-04-20 10:47:06,531 [INFO] CodeEngine:279 - Generated code: C:\Users\bnarb\STM32CubeIDE\workspace_1.15.0\BNO085_driver\Core\Inc\stm32_assert.h
2024-04-20 10:47:06,553 [INFO] CodeEngine:311 - oldGeneratedFile, C:\Users\bnarb\STM32CubeIDE\workspace_1.15.0\BNO085_driver\Core\Inc\stm32f1xx_hal_conf.h_save
2024-04-20 10:47:06,640 [INFO] CodeEngine:335 - Generated code: C:\Users\bnarb\STM32CubeIDE\workspace_1.15.0\BNO085_driver\Core\Inc\stm32f1xx_hal_conf.h
2024-04-20 10:47:06,669 [WARN] IPConfigManager:2982 - Warning: the RefConfig RCC_ClockConfig is not available in your config.xml file
2024-04-20 10:47:06,670 [WARN] IPConfigManager:2982 - Warning: the RefConfig RCC_MCOConfig is not available in your config.xml file
2024-04-20 10:47:06,670 [WARN] IPConfigManager:2982 - Warning: the RefConfig RCC_interrupt_Time_SYSTICK_Config is not available in your config.xml file
2024-04-20 10:47:06,670 [WARN] IPConfigManager:2982 - Warning: the RefConfig RCC_SYSTICK_CONFIG is not available in your config.xml file
2024-04-20 10:47:06,702 [INFO] CodeEngine:255 - oldGeneratedFile, C:\Users\bnarb\STM32CubeIDE\workspace_1.15.0\BNO085_driver\Core\Inc\main.h_save
2024-04-20 10:47:06,800 [INFO] CodeEngine:279 - Generated code: C:\Users\bnarb\STM32CubeIDE\workspace_1.15.0\BNO085_driver\Core\Inc\main.h
2024-04-20 10:47:06,819 [INFO] CodeEngine:255 - oldGeneratedFile, C:\Users\bnarb\STM32CubeIDE\workspace_1.15.0\BNO085_driver\Core\Src\main.c_save
2024-04-20 10:47:06,940 [INFO] CodeEngine:279 - Generated code: C:\Users\bnarb\STM32CubeIDE\workspace_1.15.0\BNO085_driver\Core\Src\main.c
2024-04-20 10:47:07,330 [INFO] ProjectBuilder:3163 - Time for Copy HAL[1] : 206mS.
2024-04-20 10:47:07,342 [INFO] ProjectBuilder:4736 - Project Generator version: 4.3.0-B58
2024-04-20 10:47:07,462 [INFO] ConfigFileManager:1503 - The Die is : DIE410
2024-04-20 10:47:07,477 [INFO] ApiDbMcu:508 - Load IP Config File for FATFS
2024-04-20 10:47:07,523 [INFO] ApiDbMcu:508 - Load IP Config File for FREERTOS
2024-04-20 10:47:08,123 [INFO] LogOutputStream:77 - [STDOUT_REDIRECT] 
2024-04-20 10:47:09,652 [INFO] ProjectBuilder:5002 - Time for Generating toolchain IDE Files: 2311mS.
2024-04-20 10:47:09,653 [INFO] ProjectBuilder:3034 - Time for Copy CMSIS : 0mS.
2024-04-20 10:47:09,660 [INFO] ProjectBuilder:3034 - Time for Copy CMSIS : 0mS.
2024-04-20 11:56:58,146 [ERROR] LogOutputStream:75 - [STDERR_REDIRECT] 
2024-04-20 22:19:31,735 [INFO] Activator:176 - 


2024-04-20 22:19:31,737 [INFO] Activator:177 - !SESSION log4j initialized
2024-04-20 22:19:37,270 [INFO] LogOutputStream:77 - [STDOUT_REDIRECT] 
2024-04-20 22:19:41,540 [INFO] ApplicationProperties:184 - Using Application install path: C:\ST\STM32CubeIDE_1.15.0\STM32CubeIDE\plugins\com.st.stm32cube.common.mx_6.11.0.202403141607
2024-04-20 22:19:41,556 [INFO] DbMcusXml:78 - Set database path to: C:\ST\STM32CubeIDE_1.15.0\STM32CubeIDE\plugins\com.st.stm32cube.common.mx_6.11.0.202403141607\\db\/mcu/
2024-04-20 22:19:41,556 [INFO] ApiDb:274 - Set plugin database path to: C:\ST\STM32CubeIDE_1.15.0\STM32CubeIDE\plugins\com.st.stm32cube.common.mx_6.11.0.202403141607\\db\/plugins/boardmanager/
2024-04-20 22:19:41,556 [WARN] ApiDb:259 - Overriding images path with different value:  => C:\ST\STM32CubeIDE_1.15.0\STM32CubeIDE\plugins\com.st.stm32cube.common.mx_6.11.0.202403141607\\db\/plugins/mcufinder/images/
2024-04-20 22:19:41,565 [INFO] ApiDb:250 - Set database path to: C:\Users\bnarb\.stmcufinder\plugins\mcufinder//mcu/
2024-04-20 22:19:41,566 [INFO] DbMcusAds:125 - Set database path to: C:\Users\bnarb\.stmcufinder\plugins\mcufinder//mcu/
2024-04-20 22:19:41,568 [INFO] CrossReferenceDbSqlite:203 - Set database path to: C:\Users\bnarb\.stmcufinder\plugins\mcufinder//mcu/cs/
2024-04-20 22:19:41,682 [INFO] RulesReader:64 - Compatibility file has been processed (297 Rules)
2024-04-20 22:19:41,766 [INFO] DbMcusXml:78 - Set database path to: C:\ST\STM32CubeIDE_1.15.0\STM32CubeIDE\plugins\com.st.stm32cube.common.mx_6.11.0.202403141607\\db\/mcu/
2024-04-20 22:19:41,766 [INFO] ApiDb:274 - Set plugin database path to: C:\ST\STM32CubeIDE_1.15.0\STM32CubeIDE\plugins\com.st.stm32cube.common.mx_6.11.0.202403141607\\db\/plugins/boardmanager/
2024-04-20 22:19:41,766 [INFO] ApiDb:261 - Set plugin images path to: C:\ST\STM32CubeIDE_1.15.0\STM32CubeIDE\plugins\com.st.stm32cube.common.mx_6.11.0.202403141607\\db\/plugins/mcufinder/images/
2024-04-20 22:19:41,766 [WARN] DbFile:41 - Overriding database path with different value: C:\Users\bnarb\.stmcufinder\plugins\mcufinder/ => C:\Users\bnarb\.stmcufinder\plugins\mcufinder
2024-04-20 22:19:41,767 [INFO] ApiDb:250 - Set database path to: C:\Users\bnarb\.stmcufinder\plugins\mcufinder//mcu/
2024-04-20 22:19:41,767 [WARN] DbFile:41 - Overriding database path with different value: C:\Users\bnarb\.stmcufinder\plugins\mcufinder/ => C:\Users\bnarb\.stmcufinder\plugins\mcufinder
2024-04-20 22:19:41,767 [INFO] DbMcusAds:125 - Set database path to: C:\Users\bnarb\.stmcufinder\plugins\mcufinder//mcu/
2024-04-20 22:19:41,767 [WARN] DbFile:41 - Overriding database path with different value: C:\Users\bnarb\.stmcufinder\plugins\mcufinder/ => C:\Users\bnarb\.stmcufinder\plugins\mcufinder
2024-04-20 22:19:41,767 [WARN] DbFile:41 - Overriding database path with different value: C:\Users\bnarb\.stmcufinder\plugins\mcufinder/ => C:\Users\bnarb\.stmcufinder\plugins\mcufinder
2024-04-20 22:19:41,767 [INFO] CrossReferenceDbSqlite:203 - Set database path to: C:\Users\bnarb\.stmcufinder\plugins\mcufinder//mcu/cs/
2024-04-20 22:19:41,840 [INFO] MainPanel:264 - HeapMemory: 268435456
2024-04-20 22:19:41,920 [INFO] DbMcusXml:78 - Set database path to: C:\ST\STM32CubeIDE_1.15.0\STM32CubeIDE\plugins\com.st.stm32cube.common.mx_6.11.0.202403141607\\db\/mcu/
2024-04-20 22:19:41,920 [INFO] ApiDb:274 - Set plugin database path to: C:\ST\STM32CubeIDE_1.15.0\STM32CubeIDE\plugins\com.st.stm32cube.common.mx_6.11.0.202403141607\\db\/plugins/boardmanager/
2024-04-20 22:19:41,920 [INFO] ApiDb:261 - Set plugin images path to: C:\ST\STM32CubeIDE_1.15.0\STM32CubeIDE\plugins\com.st.stm32cube.common.mx_6.11.0.202403141607\\db\/plugins/mcufinder/images/
2024-04-20 22:19:41,921 [WARN] DbFile:41 - Overriding database path with different value: C:\Users\bnarb\.stmcufinder\plugins\mcufinder/ => C:\Users\bnarb\.stmcufinder\plugins\mcufinder
2024-04-20 22:19:41,921 [INFO] ApiDb:250 - Set database path to: C:\Users\bnarb\.stmcufinder\plugins\mcufinder//mcu/
2024-04-20 22:19:41,921 [WARN] DbFile:41 - Overriding database path with different value: C:\Users\bnarb\.stmcufinder\plugins\mcufinder/ => C:\Users\bnarb\.stmcufinder\plugins\mcufinder
2024-04-20 22:19:41,921 [INFO] DbMcusAds:125 - Set database path to: C:\Users\bnarb\.stmcufinder\plugins\mcufinder//mcu/
2024-04-20 22:19:41,921 [WARN] DbFile:41 - Overriding database path with different value: C:\Users\bnarb\.stmcufinder\plugins\mcufinder/ => C:\Users\bnarb\.stmcufinder\plugins\mcufinder
2024-04-20 22:19:41,921 [WARN] DbFile:41 - Overriding database path with different value: C:\Users\bnarb\.stmcufinder\plugins\mcufinder/ => C:\Users\bnarb\.stmcufinder\plugins\mcufinder
2024-04-20 22:19:41,921 [INFO] CrossReferenceDbSqlite:203 - Set database path to: C:\Users\bnarb\.stmcufinder\plugins\mcufinder//mcu/cs/
2024-04-20 22:19:41,938 [INFO] ApplicationProperties:184 - Using Application install path: C:\ST\STM32CubeIDE_1.15.0\STM32CubeIDE\plugins\com.st.stm32cube.common.mx_6.11.0.202403141607
2024-04-20 22:19:41,939 [INFO] PluginManage:196 - Search for loadable plugins [exclusion list=, ]
2024-04-20 22:19:41,940 [INFO] PluginManage:310 - Check plugin analytics
2024-04-20 22:19:42,099 [INFO] AnalyticsPlugin:253 - Accepted Software Licenses: 
2024-04-20 22:19:42,099 [INFO] AnalyticsPlugin:255 - Accepted CMSIS Pack Licenses: 
2024-04-20 22:19:42,099 [INFO] AnalyticsPlugin:257 - Accepted Firmware Licenses: 
2024-04-20 22:19:42,100 [INFO] PluginManage:359 - Loaded plugin analytics (category:tool,tabindex:-1)
2024-04-20 22:19:42,101 [INFO] PluginManage:310 - Check plugin cadmodel
2024-04-20 22:19:42,114 [INFO] CADModel:105 - Init CAD model plugin
2024-04-20 22:19:42,114 [INFO] PluginManage:359 - Loaded plugin cadmodel (category:power,tabindex:5)
2024-04-20 22:19:42,114 [INFO] PluginManage:310 - Check plugin clock
2024-04-20 22:19:42,134 [INFO] PluginManage:359 - Loaded plugin clock (category:base,tabindex:2)
2024-04-20 22:19:42,134 [INFO] PluginManage:310 - Check plugin ddr
2024-04-20 22:19:42,136 [INFO] PluginManage:359 - Loaded plugin ddr (category:tool,tabindex:6)
2024-04-20 22:19:42,137 [INFO] PluginManage:310 - Check plugin filemanager
2024-04-20 22:19:42,287 [INFO] PluginManage:359 - Loaded plugin filemanager (category:base,tabindex:10)
2024-04-20 22:19:42,287 [INFO] PluginManage:310 - Check plugin ipmanager
2024-04-20 22:19:42,295 [INFO] PluginManage:359 - Loaded plugin ipmanager (category:base,tabindex:5)
2024-04-20 22:19:42,296 [INFO] PluginManage:310 - Check plugin lpbam
2024-04-20 22:19:42,313 [INFO] PluginManage:359 - Loaded plugin lpbam (category:base,tabindex:0)
2024-04-20 22:19:42,313 [INFO] PluginManage:310 - Check plugin memorymap
2024-04-20 22:19:42,336 [INFO] PluginManage:359 - Loaded plugin memorymap (category:base,tabindex:4)
2024-04-20 22:19:42,336 [INFO] PluginManage:310 - Check plugin pinoutandconfiguration
2024-04-20 22:19:42,353 [INFO] PluginManage:359 - Loaded plugin pinoutandconfiguration (category:base,tabindex:1)
2024-04-20 22:19:42,353 [INFO] PluginManage:310 - Check plugin pinoutconfig
2024-04-20 22:19:42,463 [WARN] SupportedApi:132 - Cannot load RTOS API schema: s4s-elt-must-match.1: The content of 'definitions' must match (annotation?, (simpleType | complexType)?, (unique | key | keyref)*)). A problem was found starting at: attribute.
2024-04-20 22:19:42,591 [INFO] PluginManage:359 - Loaded plugin pinoutconfig (category:base,tabindex:0)
2024-04-20 22:19:42,591 [INFO] PluginManage:310 - Check plugin power
2024-04-20 22:19:42,608 [INFO] PluginManage:359 - Loaded plugin power (category:power,tabindex:4)
2024-04-20 22:19:42,608 [INFO] PluginManage:310 - Check plugin projectmanager
2024-04-20 22:19:42,624 [INFO] PluginManage:359 - Loaded plugin projectmanager (category:projectmanager,tabindex:3)
2024-04-20 22:19:42,624 [INFO] PluginManage:310 - Check plugin thirdparty
2024-04-20 22:19:42,875 [INFO] PluginManage:359 - Loaded plugin thirdparty (category:base,tabindex:-1)
2024-04-20 22:19:42,875 [INFO] PluginManage:310 - Check plugin tools
2024-04-20 22:19:42,875 [WARN] IntegrityCheckThread:84 - waiting for thirdparty lock release [integrity check]
2024-04-20 22:19:42,875 [INFO] IntegrityCheckThread:86 - entering critical section [integrity check]
2024-04-20 22:19:42,875 [INFO] ThirdPartyUpdaterWithRetryManager:70 - Updater plugin not ready yet. [1/15]
2024-04-20 22:19:42,903 [INFO] PluginManage:359 - Loaded plugin tools (category:base,tabindex:7)
2024-04-20 22:19:42,903 [INFO] PluginManage:310 - Check plugin tutovideos
2024-04-20 22:19:43,069 [INFO] PluginManage:359 - Loaded plugin tutovideos (category:base,tabindex:-1)
2024-04-20 22:19:43,069 [INFO] PluginManage:310 - Check plugin updater
2024-04-20 22:19:43,078 [INFO] PluginManage:359 - Loaded plugin updater (category:base,tabindex:12)
2024-04-20 22:19:43,078 [INFO] PluginManage:310 - Check plugin userauth
2024-04-20 22:19:43,083 [INFO] UserAuth:114 - Init User Auth plugin
2024-04-20 22:19:43,083 [INFO] PluginManage:359 - Loaded plugin userauth (category:base,tabindex:14)
2024-04-20 22:19:43,083 [INFO] PluginManage:283 - PluginManage : Loaded plugins [17]
2024-04-20 22:19:43,270 [INFO] PinOutPanel:1561 - setPackage(No Configuration,No Configuration)
2024-04-20 22:19:43,339 [INFO] CADModel:165 - CPN selected for project level
2024-04-20 22:19:43,339 [INFO] CADModel:114 - Register for checkConnection events
2024-04-20 22:19:43,360 [INFO] IPUIPlugin:80 - create IPUIPlugin
2024-04-20 22:19:43,360 [INFO] PluginManager:220 - loadIPPluginJar : add adc
2024-04-20 22:19:43,388 [INFO] IPUIPlugin:80 - create IPUIPlugin
2024-04-20 22:19:43,388 [INFO] PluginManager:220 - loadIPPluginJar : add aes
2024-04-20 22:19:43,423 [INFO] IPUIPlugin:80 - create IPUIPlugin
2024-04-20 22:19:43,423 [INFO] PluginManager:220 - loadIPPluginJar : add can
2024-04-20 22:19:43,442 [INFO] IPUIPlugin:80 - create IPUIPlugin
2024-04-20 22:19:43,442 [INFO] PluginManager:220 - loadIPPluginJar : add comp
2024-04-20 22:19:43,473 [INFO] IPUIPlugin:80 - create IPUIPlugin
2024-04-20 22:19:43,473 [INFO] PluginManager:220 - loadIPPluginJar : add cryp
2024-04-20 22:19:43,500 [INFO] IPUIPlugin:80 - create IPUIPlugin
2024-04-20 22:19:43,500 [INFO] PluginManager:220 - loadIPPluginJar : add dfsdm
2024-04-20 22:19:43,512 [INFO] IPUIPlugin:80 - create IPUIPlugin
2024-04-20 22:19:43,512 [INFO] PluginManager:220 - loadIPPluginJar : add dma
2024-04-20 22:19:43,549 [INFO] IPUIPlugin:80 - create IPUIPlugin
2024-04-20 22:19:43,550 [INFO] PluginManager:220 - loadIPPluginJar : add dma3
2024-04-20 22:19:43,586 [INFO] IPUIPlugin:80 - create IPUIPlugin
2024-04-20 22:19:43,586 [INFO] PluginManager:220 - loadIPPluginJar : add extmemmanager
2024-04-20 22:19:43,603 [INFO] IPUIPlugin:80 - create IPUIPlugin
2024-04-20 22:19:43,603 [INFO] PluginManager:220 - loadIPPluginJar : add fatfs
2024-04-20 22:19:43,640 [INFO] IPUIPlugin:80 - create IPUIPlugin
2024-04-20 22:19:43,640 [INFO] PluginManager:220 - loadIPPluginJar : add fmc
2024-04-20 22:19:43,652 [INFO] IPUIPlugin:80 - create IPUIPlugin
2024-04-20 22:19:43,652 [INFO] PluginManager:220 - loadIPPluginJar : add freertos
2024-04-20 22:19:43,668 [INFO] IPUIPlugin:80 - create IPUIPlugin
2024-04-20 22:19:43,668 [INFO] PluginManager:220 - loadIPPluginJar : add genericplugin
2024-04-20 22:19:43,743 [INFO] IPUIPlugin:80 - create IPUIPlugin
2024-04-20 22:19:43,743 [INFO] PluginManager:220 - loadIPPluginJar : add gfxmmu
2024-04-20 22:19:43,845 [INFO] IPUIPlugin:80 - create IPUIPlugin
2024-04-20 22:19:43,845 [INFO] PluginManager:220 - loadIPPluginJar : add gic
2024-04-20 22:19:43,855 [INFO] IPUIPlugin:80 - create IPUIPlugin
2024-04-20 22:19:43,855 [INFO] PluginManager:220 - loadIPPluginJar : add gpio
2024-04-20 22:19:43,929 [INFO] IPUIPlugin:80 - create IPUIPlugin
2024-04-20 22:19:43,929 [INFO] PluginManager:220 - loadIPPluginJar : add gtzc
2024-04-20 22:19:43,958 [INFO] IPUIPlugin:80 - create IPUIPlugin
2024-04-20 22:19:43,958 [INFO] PluginManager:220 - loadIPPluginJar : add hash
2024-04-20 22:19:44,001 [INFO] IPUIPlugin:80 - create IPUIPlugin
2024-04-20 22:19:44,001 [INFO] PluginManager:220 - loadIPPluginJar : add i2c
2024-04-20 22:19:44,032 [INFO] IPUIPlugin:80 - create IPUIPlugin
2024-04-20 22:19:44,032 [INFO] PluginManager:220 - loadIPPluginJar : add i2s
2024-04-20 22:19:44,065 [INFO] IPUIPlugin:80 - create IPUIPlugin
2024-04-20 22:19:44,065 [INFO] PluginManager:220 - loadIPPluginJar : add i3c
2024-04-20 22:19:44,154 [INFO] IPUIPlugin:80 - create IPUIPlugin
2024-04-20 22:19:44,154 [INFO] PluginManager:220 - loadIPPluginJar : add ipddr
2024-04-20 22:19:44,226 [INFO] IPUIPlugin:80 - create IPUIPlugin
2024-04-20 22:19:44,226 [INFO] PluginManager:220 - loadIPPluginJar : add linkedlist
2024-04-20 22:19:44,254 [INFO] IPUIPlugin:80 - create IPUIPlugin
2024-04-20 22:19:44,254 [INFO] PluginManager:220 - loadIPPluginJar : add lorawan
2024-04-20 22:19:44,282 [INFO] IPUIPlugin:80 - create IPUIPlugin
2024-04-20 22:19:44,283 [INFO] PluginManager:220 - loadIPPluginJar : add ltdc
2024-04-20 22:19:44,294 [INFO] IPUIPlugin:80 - create IPUIPlugin
2024-04-20 22:19:44,294 [INFO] PluginManager:220 - loadIPPluginJar : add mdma
2024-04-20 22:19:44,304 [INFO] IPUIPlugin:80 - create IPUIPlugin
2024-04-20 22:19:44,304 [INFO] PluginManager:220 - loadIPPluginJar : add nvic
2024-04-20 22:19:44,334 [INFO] IPUIPlugin:80 - create IPUIPlugin
2024-04-20 22:19:44,334 [INFO] PluginManager:220 - loadIPPluginJar : add opamp
2024-04-20 22:19:44,384 [INFO] IPUIPlugin:80 - create IPUIPlugin
2024-04-20 22:19:44,384 [INFO] PluginManager:220 - loadIPPluginJar : add openamp
2024-04-20 22:19:44,418 [INFO] IPUIPlugin:80 - create IPUIPlugin
2024-04-20 22:19:44,418 [INFO] PluginManager:220 - loadIPPluginJar : add pdm2pcm
2024-04-20 22:19:44,429 [INFO] IPUIPlugin:80 - create IPUIPlugin
2024-04-20 22:19:44,431 [INFO] PluginManager:220 - loadIPPluginJar : add plateformsettings
2024-04-20 22:19:44,448 [INFO] IPUIPlugin:80 - create IPUIPlugin
2024-04-20 22:19:44,448 [INFO] PluginManager:220 - loadIPPluginJar : add quadspi
2024-04-20 22:19:44,458 [INFO] IPUIPlugin:80 - create IPUIPlugin
2024-04-20 22:19:44,458 [INFO] PluginManager:220 - loadIPPluginJar : add resmgrutility
2024-04-20 22:19:44,500 [INFO] IPUIPlugin:80 - create IPUIPlugin
2024-04-20 22:19:44,500 [INFO] PluginManager:220 - loadIPPluginJar : add sai
2024-04-20 22:19:44,529 [INFO] IPUIPlugin:80 - create IPUIPlugin
2024-04-20 22:19:44,529 [INFO] PluginManager:220 - loadIPPluginJar : add spi
2024-04-20 22:19:44,585 [INFO] IPUIPlugin:80 - create IPUIPlugin
2024-04-20 22:19:44,586 [INFO] PluginManager:220 - loadIPPluginJar : add stm32_wpan
2024-04-20 22:19:44,603 [INFO] IPUIPlugin:80 - create IPUIPlugin
2024-04-20 22:19:44,603 [INFO] PluginManager:220 - loadIPPluginJar : add tim
2024-04-20 22:19:44,652 [INFO] IPUIPlugin:80 - create IPUIPlugin
2024-04-20 22:19:44,652 [INFO] PluginManager:220 - loadIPPluginJar : add touchsensing
2024-04-20 22:19:44,670 [INFO] IPUIPlugin:80 - create IPUIPlugin
2024-04-20 22:19:44,670 [INFO] PluginManager:220 - loadIPPluginJar : add tracer_emb
2024-04-20 22:19:44,689 [INFO] IPUIPlugin:80 - create IPUIPlugin
2024-04-20 22:19:44,689 [INFO] PluginManager:220 - loadIPPluginJar : add ts
2024-04-20 22:19:44,706 [INFO] IPUIPlugin:80 - create IPUIPlugin
2024-04-20 22:19:44,706 [INFO] PluginManager:220 - loadIPPluginJar : add tsc
2024-04-20 22:19:44,723 [INFO] IPUIPlugin:80 - create IPUIPlugin
2024-04-20 22:19:44,723 [INFO] PluginManager:220 - loadIPPluginJar : add ucpd
2024-04-20 22:19:44,758 [INFO] IPUIPlugin:80 - create IPUIPlugin
2024-04-20 22:19:44,758 [INFO] PluginManager:220 - loadIPPluginJar : add usart
2024-04-20 22:19:44,793 [INFO] IPUIPlugin:80 - create IPUIPlugin
2024-04-20 22:19:44,793 [INFO] PluginManager:220 - loadIPPluginJar : add usbx
2024-04-20 22:19:44,915 [INFO] CADModel:165 - CPN selected for project level
2024-04-20 22:19:44,915 [INFO] CADModel:114 - Register for checkConnection events
2024-04-20 22:19:44,916 [FATAL] Updater:308 - Updater called before beeing initialized
2024-04-20 22:19:44,916 [ERROR] CADModel:125 - Updater not yet initialized, retry later 
2024-04-20 22:19:45,043 [INFO] CADModel:165 - CPN selected for project level
2024-04-20 22:19:45,044 [INFO] CADModel:114 - Register for checkConnection events
2024-04-20 22:19:45,044 [FATAL] Updater:308 - Updater called before beeing initialized
2024-04-20 22:19:45,044 [ERROR] CADModel:125 - Updater not yet initialized, retry later 
2024-04-20 22:19:45,047 [FATAL] Updater:308 - Updater called before beeing initialized
2024-04-20 22:19:45,138 [FATAL] Updater:308 - Updater called before beeing initialized
2024-04-20 22:19:45,146 [INFO] DbMcusAds:53 - JSON generation date=Wed Nov 29 15:52:27 QYZT 2023 (1701255147349)
2024-04-20 22:19:45,146 [FATAL] Updater:308 - Updater called before beeing initialized
2024-04-20 22:19:45,211 [WARN] DetailPanel:346 - Failed to get advertising image, set to default
2024-04-20 22:19:45,307 [FATAL] Updater:308 - Updater called before beeing initialized
2024-04-20 22:19:45,309 [FATAL] Updater:308 - Updater called before beeing initialized
2024-04-20 22:19:45,309 [FATAL] Updater:308 - Updater called before beeing initialized
2024-04-20 22:19:45,309 [WARN] DetailPanel:346 - Failed to get advertising image, set to default
2024-04-20 22:19:45,310 [FATAL] Updater:308 - Updater called before beeing initialized
2024-04-20 22:19:45,376 [ERROR] Updater:1120 - MainUpdater not yet initialized. External WinMGr cannot be set.
2024-04-20 22:19:45,385 [INFO] Updater:1056 - Updater Version found : 6.11.0
2024-04-20 22:19:45,400 [INFO] ApplicationProperties:184 - Using Application install path: C:\ST\STM32CubeIDE_1.15.0\STM32CubeIDE\plugins\com.st.stm32cube.common.mx_6.11.0.202403141607
2024-04-20 22:19:45,877 [INFO] ThirdPartyUpdaterWithRetryManager:70 - Updater plugin not ready yet. [2/15]
2024-04-20 22:19:46,976 [ERROR] LogOutputStream:75 - [STDERR_REDIRECT] Apr 20, 2024 10:19:46 PM java.util.prefs.WindowsPreferences <init>
2024-04-20 22:19:46,978 [ERROR] LogOutputStream:75 - [STDERR_REDIRECT] WARNING: Could not open/create prefs root node Software\JavaSoft\Prefs at root 0xffffffff80000002. Windows RegCreateKeyEx(...) returned error code 5.
2024-04-20 22:19:46,978 [ERROR] LogOutputStream:75 - [STDERR_REDIRECT] 
2024-04-20 22:19:47,399 [INFO] MainUpdater:2873 - connection check result : 10
2024-04-20 22:19:47,400 [INFO] MainUpdater:290 - Updater Check For Update Now.
2024-04-20 22:19:47,400 [INFO] MicroXplorer:498 - Change Database Version : DB.6.0.110
2024-04-20 22:19:47,411 [INFO] McuFinderGlobals:63 - Set McuFinder mode to 2 (CubeIDE integrated)
2024-04-20 22:19:47,420 [INFO] UserAuth:415 - Internet connection configuration mode: 1
2024-04-20 22:19:47,442 [INFO] JxBrowserEngine:152 - Initiate JxBrowser Engine with user profile folder
2024-04-20 22:19:47,588 [INFO] CheckServerUpdateThread:120 - End of CheckServer Thread
2024-04-20 22:19:49,031 [WARN] PackLoader:240 - Cannot read IP mode file for STMicroelectronics.X-CUBE-SMBUS.2.1.0
2024-04-20 22:19:49,069 [WARN] PackLoader:240 - Cannot read IP mode file for STMicroelectronics.X-CUBE-AZRTOS-F7.1.1.0
2024-04-20 22:19:49,084 [WARN] PackLoader:240 - Cannot read IP mode file for STMicroelectronics.FP-SNS-FLIGHT1.5.0.2
2024-04-20 22:19:49,099 [WARN] PackLoader:240 - Cannot read IP mode file for STMicroelectronics.X-CUBE-DISPLAY.3.0.0
2024-04-20 22:19:49,117 [WARN] PackLoader:240 - Cannot read IP mode file for STMicroelectronics.X-CUBE-BLE1.7.0.0
2024-04-20 22:19:49,134 [WARN] PackLoader:240 - Cannot read IP mode file for STMicroelectronics.X-CUBE-BLEMGR.3.1.0
2024-04-20 22:19:49,147 [WARN] PackLoader:240 - Cannot read IP mode file for STMicroelectronics.FP-SNS-SMARTAG2.1.2.0
2024-04-20 22:19:49,166 [INFO] LogOutputStream:77 - [STDOUT_REDIRECT] 1 : Invalid condition id : UX_CORESTACK_Condition cause : null
2024-04-20 22:19:49,166 [INFO] LogOutputStream:77 - [STDOUT_REDIRECT] 1 : Invalid condition id : UX_CORESTACK_Condition cause : null
2024-04-20 22:19:49,168 [INFO] LogOutputStream:77 - [STDOUT_REDIRECT] 1 : Invalid condition id : UX_CORESTACK_Condition cause : null
2024-04-20 22:19:49,169 [INFO] LogOutputStream:77 - [STDOUT_REDIRECT] 1 : Invalid condition id : UX_CORESTACK_Condition cause : null
2024-04-20 22:19:49,170 [INFO] LogOutputStream:77 - [STDOUT_REDIRECT] 1 : Invalid condition id : UX_CORESTACK_Condition cause : null
2024-04-20 22:19:49,173 [WARN] PackLoader:240 - Cannot read IP mode file for STMicroelectronics.X-CUBE-AZRTOS-WL.2.0.0
2024-04-20 22:19:49,188 [WARN] PackLoader:240 - Cannot read IP mode file for WES.I-CUBE-Cesium.1.3.0
2024-04-20 22:19:49,198 [WARN] PackLoader:240 - Cannot read IP mode file for STMicroelectronics.X-CUBE-BLE2.3.3.0
2024-04-20 22:19:49,211 [WARN] PackLoader:240 - Cannot read IP mode file for STMicroelectronics.X-CUBE-ALGOBUILD.1.3.0
2024-04-20 22:19:49,235 [WARN] PackLoader:240 - Cannot read IP mode file for STMicroelectronics.X-CUBE-AZRTOS-G0.1.1.0
2024-04-20 22:19:49,249 [WARN] PackLoader:240 - Cannot read IP mode file for STMicroelectronics.X-CUBE-NFC4.3.0.0
2024-04-20 22:19:49,259 [WARN] PackLoader:240 - Cannot read IP mode file for STMicroelectronics.FP-ATR-SIGFOX1.3.2.0
2024-04-20 22:19:49,272 [WARN] PackLoader:240 - Cannot read IP mode file for STMicroelectronics.X-CUBE-EEPRMA1.5.1.0
2024-04-20 22:19:49,314 [WARN] PackLoader:240 - Cannot read IP mode file for SEGGER.I-CUBE-embOS.1.3.1
2024-04-20 22:19:49,355 [WARN] PackLoader:240 - Cannot read IP mode file for STMicroelectronics.X-CUBE-GNSS1.6.0.0
2024-04-20 22:19:49,379 [WARN] PackLoader:240 - Cannot read IP mode file for STMicroelectronics.X-CUBE-AZRTOS-F4.1.1.0
2024-04-20 22:19:49,405 [WARN] PackLoader:240 - Cannot read IP mode file for STMicroelectronics.X-CUBE-AZRTOS-L5.2.0.0
2024-04-20 22:19:49,417 [WARN] PackLoader:240 - Cannot read IP mode file for STMicroelectronics.X-CUBE-NFC7.1.0.1
2024-04-20 22:19:49,442 [WARN] ConditionMgr:438 - getConditionDescription Invalid condition id : LAN8742 Phy interface Condition cause : null
2024-04-20 22:19:49,442 [WARN] PackLoader:240 - Cannot read IP mode file for STMicroelectronics.X-CUBE-AZRTOS-L4.2.0.0
2024-04-20 22:19:49,443 [WARN] ConditionMgr:1039 - genDependencies : Invalid condition id : LAN8742 Phy interface Condition cause : null
2024-04-20 22:19:49,444 [WARN] ConditionMgr:1039 - genDependencies : Invalid condition id : LAN8742 Phy interface Condition cause : null
2024-04-20 22:19:49,444 [WARN] ConditionMgr:1039 - genDependencies : Invalid condition id : LAN8742 Phy interface Condition cause : null
2024-04-20 22:19:49,457 [WARN] PackLoader:240 - Cannot read IP mode file for STMicroelectronics.X-CUBE-SFXS2LP1.4.0.0
2024-04-20 22:19:49,477 [WARN] ConditionMgr:438 - getConditionDescription Invalid condition id : UX DEVICE CLASS RTOS Condition cause : null
2024-04-20 22:19:49,478 [WARN] ConditionMgr:438 - getConditionDescription Invalid condition id : UX DEVICE CLASS RTOS Condition cause : null
2024-04-20 22:19:49,479 [WARN] PackLoader:240 - Cannot read IP mode file for STMicroelectronics.X-CUBE-AZRTOS-WB.2.0.0
2024-04-20 22:19:49,479 [WARN] ConditionMgr:1039 - genDependencies : Invalid condition id : UX DEVICE CLASS RTOS Condition cause : null
2024-04-20 22:19:49,479 [WARN] ConditionMgr:1039 - genDependencies : Invalid condition id : UX DEVICE CLASS RTOS Condition cause : null
2024-04-20 22:19:49,480 [WARN] ConditionMgr:1039 - genDependencies : Invalid condition id : UX DEVICE CLASS RTOS Condition cause : null
2024-04-20 22:19:49,480 [WARN] ConditionMgr:1039 - genDependencies : Invalid condition id : UX DEVICE CLASS RTOS Condition cause : null
2024-04-20 22:19:49,480 [WARN] ConditionMgr:1039 - genDependencies : Invalid condition id : UX DEVICE CLASS RTOS Condition cause : null
2024-04-20 22:19:49,496 [WARN] PackLoader:240 - Cannot read IP mode file for STMicroelectronics.X-CUBE-SUBG2.5.0.0
2024-04-20 22:19:49,526 [WARN] PackLoader:240 - Cannot read IP mode file for STMicroelectronics.X-CUBE-AZRTOS-G4.2.0.0
2024-04-20 22:19:49,540 [WARN] PackLoader:240 - Cannot read IP mode file for STMicroelectronics.X-CUBE-ISPU.2.0.0
2024-04-20 22:19:49,596 [WARN] PackLoader:240 - Cannot read IP mode file for STMicroelectronics.X-CUBE-MEMS1.10.0.0
2024-04-20 22:19:49,736 [WARN] PackLoader:240 - Cannot read IP mode file for STMicroelectronics.X-CUBE-FREERTOS.1.1.0
2024-04-20 22:19:49,747 [WARN] PackLoader:240 - Cannot read IP mode file for portGmbH.I-Cube-SoM-uGOAL.1.1.0
2024-04-20 22:19:49,757 [WARN] PackLoader:240 - Cannot read IP mode file for STMicroelectronics.X-CUBE-ALS.1.0.1
2024-04-20 22:19:49,767 [WARN] PackLoader:240 - Cannot read IP mode file for STMicroelectronics.FP-ATR-ASTRA1.2.0.0
2024-04-20 22:19:49,783 [WARN] PackLoader:240 - Cannot read IP mode file for STMicroelectronics.X-CUBE-TOF1.3.4.1
2024-04-20 22:19:49,824 [WARN] PackLoader:240 - Cannot read IP mode file for STMicroelectronics.X-CUBE-AZRTOS-H7.3.2.0
2024-04-20 22:19:49,826 [INFO] ThirdParty:978 - Integrity check success = true
2024-04-20 22:19:49,826 [INFO] IntegrityCheckThread:100 - exiting critical section [integrity check]
2024-04-20 22:19:49,826 [INFO] IntegrityCheckThread:103 - End integrity checks thread
2024-04-20 22:19:52,231 [INFO] WebApp:161 - Instantiating new browser for Auth
2024-04-20 22:19:52,734 [INFO] WebApp:779 - Register for checkConnection events
2024-04-20 22:19:52,734 [INFO] WebApp:414 - Apply proxy settings
2024-04-20 22:19:52,734 [INFO] WebApp:499 - Chromium requires no authentication
2024-04-20 22:19:52,741 [INFO] WebApp:442 - Direct internet connection detected
2024-04-20 22:19:52,881 [INFO] WebApp:192 - Starting web application
2024-04-20 22:19:52,881 [INFO] WebApp:544 - Web application path used C:\ST\STM32CubeIDE_1.15.0\STM32CubeIDE\plugins\com.st.stm32cube.common.mx_6.11.0.202403141607\db\plugins\mcufinder\reactClient1\index.html
2024-04-20 23:33:30,787 [ERROR] LogOutputStream:75 - [STDERR_REDIRECT] 
