23:21:48 **** Build of configuration Debug for project BNO085_driver_F103_ ****
make -j12 all 
arm-none-eabi-gcc -o "BNO085_driver_F103_.elf" @"objects.list"   -mcpu=cortex-m3 -T"C:\Users\bnarb\STM32CubeIDE\workspace_1.15.0\BNO085_driver\STM32F103C8TX_FLASH.ld" --specs=nosys.specs -Wl,-Map="BNO085_driver_F103_.map" -Wl,--gc-sections -static --specs=nano.specs -mfloat-abi=soft -mthumb -u _printf_float -u _scanf_float -Wl,--start-group -lc -lm -Wl,--end-group
C:/ST/STM32CubeIDE_1.15.0/STM32CubeIDE/plugins/com.st.stm32cube.ide.mcu.externaltools.gnu-tools-for-stm32.12.3.rel1.win32_1.0.100.202403111256/tools/bin/../lib/gcc/arm-none-eabi/12.3.1/../../../../arm-none-eabi/bin/ld.exe: BNO085_driver_F103_.elf section `.text' will not fit in region `FLASH'
C:/ST/STM32CubeIDE_1.15.0/STM32CubeIDE/plugins/com.st.stm32cube.ide.mcu.externaltools.gnu-tools-for-stm32.12.3.rel1.win32_1.0.100.202403111256/tools/bin/../lib/gcc/arm-none-eabi/12.3.1/../../../../arm-none-eabi/bin/ld.exe: region `FLASH' overflowed by 12660 bytes
C:/ST/STM32CubeIDE_1.15.0/STM32CubeIDE/plugins/com.st.stm32cube.ide.mcu.externaltools.gnu-tools-for-stm32.12.3.rel1.win32_1.0.100.202403111256/tools/bin/../lib/gcc/arm-none-eabi/12.3.1/../../../../arm-none-eabi/bin/ld.exe: ./Core/Src/BNO080.o: in function `BNO080_GPIO_SPI_Initialization':
C:/Users/bnarb/STM32CubeIDE/workspace_1.15.0/BNO085_driver/Debug/../Core/Src/BNO080.c:82: undefined reference to `LL_SPI_Enable'
C:/ST/STM32CubeIDE_1.15.0/STM32CubeIDE/plugins/com.st.stm32cube.ide.mcu.externaltools.gnu-tools-for-stm32.12.3.rel1.win32_1.0.100.202403111256/tools/bin/../lib/gcc/arm-none-eabi/12.3.1/../../../../arm-none-eabi/bin/ld.exe: C:/Users/bnarb/STM32CubeIDE/workspace_1.15.0/BNO085_driver/Debug/../Core/Src/BNO080.c:84: undefined reference to `LL_GPIO_SetOutputPin'
C:/ST/STM32CubeIDE_1.15.0/STM32CubeIDE/plugins/com.st.stm32cube.ide.mcu.externaltools.gnu-tools-for-stm32.12.3.rel1.win32_1.0.100.202403111256/tools/bin/../lib/gcc/arm-none-eabi/12.3.1/../../../../arm-none-eabi/bin/ld.exe: C:/Users/bnarb/STM32CubeIDE/workspace_1.15.0/BNO085_driver/Debug/../Core/Src/BNO080.c:85: undefined reference to `LL_GPIO_SetOutputPin'
C:/ST/STM32CubeIDE_1.15.0/STM32CubeIDE/plugins/com.st.stm32cube.ide.mcu.externaltools.gnu-tools-for-stm32.12.3.rel1.win32_1.0.100.202403111256/tools/bin/../lib/gcc/arm-none-eabi/12.3.1/../../../../arm-none-eabi/bin/ld.exe: C:/Users/bnarb/STM32CubeIDE/workspace_1.15.0/BNO085_driver/Debug/../Core/Src/BNO080.c:86: undefined reference to `LL_GPIO_SetOutputPin'
C:/ST/STM32CubeIDE_1.15.0/STM32CubeIDE/plugins/com.st.stm32cube.ide.mcu.externaltools.gnu-tools-for-stm32.12.3.rel1.win32_1.0.100.202403111256/tools/bin/../lib/gcc/arm-none-eabi/12.3.1/../../../../arm-none-eabi/bin/ld.exe: ./Core/Src/BNO080.o: in function `BNO080_Initialization':
C:/Users/bnarb/STM32CubeIDE/workspace_1.15.0/BNO085_driver/Debug/../Core/Src/BNO080.c:95: undefined reference to `LL_GPIO_SetOutputPin'
C:/ST/STM32CubeIDE_1.15.0/STM32CubeIDE/plugins/com.st.stm32cube.ide.mcu.externaltools.gnu-tools-for-stm32.12.3.rel1.win32_1.0.100.202403111256/tools/bin/../lib/gcc/arm-none-eabi/12.3.1/../../../../arm-none-eabi/bin/ld.exe: C:/Users/bnarb/STM32CubeIDE/workspace_1.15.0/BNO085_driver/Debug/../Core/Src/BNO080.c:98: undefined reference to `LL_GPIO_SetOutputPin'
C:/ST/STM32CubeIDE_1.15.0/STM32CubeIDE/plugins/com.st.stm32cube.ide.mcu.externaltools.gnu-tools-for-stm32.12.3.rel1.win32_1.0.100.202403111256/tools/bin/../lib/gcc/arm-none-eabi/12.3.1/../../../../arm-none-eabi/bin/ld.exe: C:/Users/bnarb/STM32CubeIDE/workspace_1.15.0/BNO085_driver/Debug/../Core/Src/BNO080.c:99: undefined reference to `LL_GPIO_ResetOutputPin'
C:/ST/STM32CubeIDE_1.15.0/STM32CubeIDE/plugins/com.st.stm32cube.ide.mcu.externaltools.gnu-tools-for-stm32.12.3.rel1.win32_1.0.100.202403111256/tools/bin/../lib/gcc/arm-none-eabi/12.3.1/../../../../arm-none-eabi/bin/ld.exe: C:/Users/bnarb/STM32CubeIDE/workspace_1.15.0/BNO085_driver/Debug/../Core/Src/BNO080.c:101: undefined reference to `LL_GPIO_SetOutputPin'
C:/ST/STM32CubeIDE_1.15.0/STM32CubeIDE/plugins/com.st.stm32cube.ide.mcu.externaltools.gnu-tools-for-stm32.12.3.rel1.win32_1.0.100.202403111256/tools/bin/../lib/gcc/arm-none-eabi/12.3.1/../../../../arm-none-eabi/bin/ld.exe: ./Core/Src/BNO080.o: in function `SPI2_SendByte':
C:/Users/bnarb/STM32CubeIDE/workspace_1.15.0/BNO085_driver/Debug/../Core/Src/BNO080.c:142: undefined reference to `LL_SPI_IsActiveFlag_TXE'
C:/ST/STM32CubeIDE_1.15.0/STM32CubeIDE/plugins/com.st.stm32cube.ide.mcu.externaltools.gnu-tools-for-stm32.12.3.rel1.win32_1.0.100.202403111256/tools/bin/../lib/gcc/arm-none-eabi/12.3.1/../../../../arm-none-eabi/bin/ld.exe: C:/Users/bnarb/STM32CubeIDE/workspace_1.15.0/BNO085_driver/Debug/../Core/Src/BNO080.c:143: undefined reference to `LL_SPI_TransmitData8'
C:/ST/STM32CubeIDE_1.15.0/STM32CubeIDE/plugins/com.st.stm32cube.ide.mcu.externaltools.gnu-tools-for-stm32.12.3.rel1.win32_1.0.100.202403111256/tools/bin/../lib/gcc/arm-none-eabi/12.3.1/../../../../arm-none-eabi/bin/ld.exe: C:/Users/bnarb/STM32CubeIDE/workspace_1.15.0/BNO085_driver/Debug/../Core/Src/BNO080.c:145: undefined reference to `LL_SPI_IsActiveFlag_RXNE'
C:/ST/STM32CubeIDE_1.15.0/STM32CubeIDE/plugins/com.st.stm32cube.ide.mcu.externaltools.gnu-tools-for-stm32.12.3.rel1.win32_1.0.100.202403111256/tools/bin/../lib/gcc/arm-none-eabi/12.3.1/../../../../arm-none-eabi/bin/ld.exe: C:/Users/bnarb/STM32CubeIDE/workspace_1.15.0/BNO085_driver/Debug/../Core/Src/BNO080.c:146: undefined reference to `LL_SPI_ReceiveData8'
C:/ST/STM32CubeIDE_1.15.0/STM32CubeIDE/plugins/com.st.stm32cube.ide.mcu.externaltools.gnu-tools-for-stm32.12.3.rel1.win32_1.0.100.202403111256/tools/bin/../lib/gcc/arm-none-eabi/12.3.1/../../../../arm-none-eabi/bin/ld.exe: ./Core/Src/BNO080.o: in function `BNO080_dataAvailable':
C:/Users/bnarb/STM32CubeIDE/workspace_1.15.0/BNO085_driver/Debug/../Core/Src/BNO080.c:161: undefined reference to `LL_GPIO_IsInputPinSet'
C:/ST/STM32CubeIDE_1.15.0/STM32CubeIDE/plugins/com.st.stm32cube.ide.mcu.externaltools.gnu-tools-for-stm32.12.3.rel1.win32_1.0.100.202403111256/tools/bin/../lib/gcc/arm-none-eabi/12.3.1/../../../../arm-none-eabi/bin/ld.exe: ./Core/Src/BNO080.o: in function `BNO080_waitForSPI':
C:/Users/bnarb/STM32CubeIDE/workspace_1.15.0/BNO085_driver/Debug/../Core/Src/BNO080.c:927: undefined reference to `LL_GPIO_IsInputPinSet'
C:/ST/STM32CubeIDE_1.15.0/STM32CubeIDE/plugins/com.st.stm32cube.ide.mcu.externaltools.gnu-tools-for-stm32.12.3.rel1.win32_1.0.100.202403111256/tools/bin/../lib/gcc/arm-none-eabi/12.3.1/../../../../arm-none-eabi/bin/ld.exe: ./Core/Src/BNO080.o: in function `BNO080_receivePacket':
C:/Users/bnarb/STM32CubeIDE/workspace_1.15.0/BNO085_driver/Debug/../Core/Src/BNO080.c:945: undefined reference to `LL_GPIO_IsInputPinSet'
C:/ST/STM32CubeIDE_1.15.0/STM32CubeIDE/plugins/com.st.stm32cube.ide.mcu.externaltools.gnu-tools-for-stm32.12.3.rel1.win32_1.0.100.202403111256/tools/bin/../lib/gcc/arm-none-eabi/12.3.1/../../../../arm-none-eabi/bin/ld.exe: C:/Users/bnarb/STM32CubeIDE/workspace_1.15.0/BNO085_driver/Debug/../Core/Src/BNO080.c:952: undefined reference to `LL_GPIO_ResetOutputPin'
C:/ST/STM32CubeIDE_1.15.0/STM32CubeIDE/plugins/com.st.stm32cube.ide.mcu.externaltools.gnu-tools-for-stm32.12.3.rel1.win32_1.0.100.202403111256/tools/bin/../lib/gcc/arm-none-eabi/12.3.1/../../../../arm-none-eabi/bin/ld.exe: C:/Users/bnarb/STM32CubeIDE/workspace_1.15.0/BNO085_driver/Debug/../Core/Src/BNO080.c:990: undefined reference to `LL_GPIO_SetOutputPin'
C:/ST/STM32CubeIDE_1.15.0/STM32CubeIDE/plugins/com.st.stm32cube.ide.mcu.externaltools.gnu-tools-for-stm32.12.3.rel1.win32_1.0.100.202403111256/tools/bin/../lib/gcc/arm-none-eabi/12.3.1/../../../../arm-none-eabi/bin/ld.exe: ./Core/Src/BNO080.o: in function `BNO080_sendPacket':
C:/Users/bnarb/STM32CubeIDE/workspace_1.15.0/BNO085_driver/Debug/../Core/Src/BNO080.c:1008: undefined reference to `LL_GPIO_ResetOutputPin'
C:/ST/STM32CubeIDE_1.15.0/STM32CubeIDE/plugins/com.st.stm32cube.ide.mcu.externaltools.gnu-tools-for-stm32.12.3.rel1.win32_1.0.100.202403111256/tools/bin/../lib/gcc/arm-none-eabi/12.3.1/../../../../arm-none-eabi/bin/ld.exe: C:/Users/bnarb/STM32CubeIDE/workspace_1.15.0/BNO085_driver/Debug/../Core/Src/BNO080.c:1022: undefined reference to `LL_GPIO_SetOutputPin'
collect2.exe: error: ld returned 1 exit status
make: *** [makefile:72: BNO085_driver_F103_.elf] Error 1
"make -j12 all" terminated with exit code 2. Build might be incomplete.

23:21:49 Build Failed. 22 errors, 0 warnings. (took 907ms)

